2022-08-24 09:24:29.105 [main] INFO  org.springframework.boot.test.context.SpringBootTestContextBootstrapper - Neither @ContextConfiguration nor @ContextHierarchy found for test class [jsonEncryption.JsonPayloadEncryptDecryptApplicationTests], using SpringBootContextLoader
2022-08-24 09:24:29.164 [main] INFO  org.springframework.test.context.support.AbstractContextLoader - Could not detect default resource locations for test class [jsonEncryption.JsonPayloadEncryptDecryptApplicationTests]: no resource found for suffixes {-context.xml, Context.groovy}.
2022-08-24 09:24:29.164 [main] INFO  org.springframework.test.context.support.AnnotationConfigContextLoaderUtils - Could not detect default configuration classes for test class [jsonEncryption.JsonPayloadEncryptDecryptApplicationTests]: JsonPayloadEncryptDecryptApplicationTests does not declare any static, non-private, non-final, nested classes annotated with @Configuration.
2022-08-24 09:24:29.244 [main] INFO  org.springframework.boot.test.context.SpringBootTestContextBootstrapper - Found @SpringBootConfiguration jsonEncryption.JsonPayloadEncryptDecryptApplication for test class jsonEncryption.JsonPayloadEncryptDecryptApplicationTests
2022-08-24 09:24:29.309 [main] INFO  org.springframework.boot.test.context.SpringBootTestContextBootstrapper - Loaded default TestExecutionListener class names from location [META-INF/spring.factories]: [org.springframework.boot.test.mock.mockito.MockitoTestExecutionListener, org.springframework.boot.test.mock.mockito.ResetMocksTestExecutionListener, org.springframework.boot.test.autoconfigure.restdocs.RestDocsTestExecutionListener, org.springframework.boot.test.autoconfigure.web.client.MockRestServiceServerResetTestExecutionListener, org.springframework.boot.test.autoconfigure.web.servlet.MockMvcPrintOnlyOnFailureTestExecutionListener, org.springframework.boot.test.autoconfigure.web.servlet.WebDriverTestExecutionListener, org.springframework.boot.test.autoconfigure.webservices.client.MockWebServiceServerTestExecutionListener, org.springframework.test.context.web.ServletTestExecutionListener, org.springframework.test.context.support.DirtiesContextBeforeModesTestExecutionListener, org.springframework.test.context.event.ApplicationEventsTestExecutionListener, org.springframework.test.context.support.DependencyInjectionTestExecutionListener, org.springframework.test.context.support.DirtiesContextTestExecutionListener, org.springframework.test.context.transaction.TransactionalTestExecutionListener, org.springframework.test.context.jdbc.SqlScriptsTestExecutionListener, org.springframework.test.context.event.EventPublishingTestExecutionListener]
2022-08-24 09:24:29.321 [main] INFO  org.springframework.boot.test.context.SpringBootTestContextBootstrapper - Using TestExecutionListeners: [org.springframework.test.context.web.ServletTestExecutionListener@7051777c, org.springframework.test.context.support.DirtiesContextBeforeModesTestExecutionListener@3241713e, org.springframework.test.context.event.ApplicationEventsTestExecutionListener@5ecba515, org.springframework.boot.test.mock.mockito.MockitoTestExecutionListener@512d4583, org.springframework.boot.test.autoconfigure.SpringBootDependencyInjectionTestExecutionListener@2abc224d, org.springframework.test.context.support.DirtiesContextTestExecutionListener@13cd7ea5, org.springframework.test.context.event.EventPublishingTestExecutionListener@102d92c4, org.springframework.boot.test.mock.mockito.ResetMocksTestExecutionListener@2b97cc1f, org.springframework.boot.test.autoconfigure.restdocs.RestDocsTestExecutionListener@60723d6a, org.springframework.boot.test.autoconfigure.web.client.MockRestServiceServerResetTestExecutionListener@18324f97, org.springframework.boot.test.autoconfigure.web.servlet.MockMvcPrintOnlyOnFailureTestExecutionListener@64f555e7, org.springframework.boot.test.autoconfigure.web.servlet.WebDriverTestExecutionListener@71178a52, org.springframework.boot.test.autoconfigure.webservices.client.MockWebServiceServerTestExecutionListener@ff6077]
2022-08-24 09:24:29.517 [main] INFO  jsonEncryption.JsonPayloadEncryptDecryptApplicationTests - Starting JsonPayloadEncryptDecryptApplicationTests using Java 18.0.2 on Rasto-HomePC with PID 21776 (started by Rasťo in C:\Users\Rasťo\Desktop\spring json payload encryption)
2022-08-24 09:24:29.525 [main] INFO  jsonEncryption.JsonPayloadEncryptDecryptApplicationTests - No active profile set, falling back to 1 default profile: "default"
2022-08-24 09:24:30.554 [main] INFO  jsonEncryption.JsonPayloadEncryptDecryptApplicationTests - Started JsonPayloadEncryptDecryptApplicationTests in 1.202 seconds (JVM running for 2.313)
2022-08-24 09:38:31.542 [main] INFO  jsonEncryption.JsonPayloadEncryptDecryptApplication - Starting JsonPayloadEncryptDecryptApplication using Java 18.0.2 on Rasto-HomePC with PID 22216 (C:\Users\Rasťo\Desktop\spring_json payload_encryption\target\classes started by Rasťo in C:\Users\Rasťo\Desktop\spring_json payload_encryption)
2022-08-24 09:38:31.599 [main] INFO  jsonEncryption.JsonPayloadEncryptDecryptApplication - No active profile set, falling back to 1 default profile: "default"
2022-08-24 09:38:32.365 [main] INFO  org.springframework.boot.web.embedded.tomcat.TomcatWebServer - Tomcat initialized with port(s): 8080 (http)
2022-08-24 09:38:32.379 [main] INFO  org.apache.coyote.http11.Http11NioProtocol - Initializing ProtocolHandler ["http-nio-8080"]
2022-08-24 09:38:32.379 [main] INFO  org.apache.catalina.core.StandardService - Starting service [Tomcat]
2022-08-24 09:38:32.380 [main] INFO  org.apache.catalina.core.StandardEngine - Starting Servlet engine: [Apache Tomcat/9.0.65]
2022-08-24 09:38:32.452 [main] INFO  org.apache.catalina.core.ContainerBase.[Tomcat].[localhost].[/] - Initializing Spring embedded WebApplicationContext
2022-08-24 09:38:32.453 [main] INFO  org.springframework.boot.web.servlet.context.ServletWebServerApplicationContext - Root WebApplicationContext: initialization completed in 815 ms
2022-08-24 09:38:32.678 [main] INFO  org.apache.coyote.http11.Http11NioProtocol - Starting ProtocolHandler ["http-nio-8080"]
2022-08-24 09:38:32.706 [main] INFO  org.springframework.boot.web.embedded.tomcat.TomcatWebServer - Tomcat started on port(s): 8080 (http) with context path ''
2022-08-24 09:38:32.715 [main] INFO  jsonEncryption.JsonPayloadEncryptDecryptApplication - Started JsonPayloadEncryptDecryptApplication in 1.426 seconds (JVM running for 2.113)
2022-08-24 09:38:43.103 [main] INFO  jsonEncryption.JsonPayloadEncryptDecryptApplication - Starting JsonPayloadEncryptDecryptApplication using Java 18.0.2 on Rasto-HomePC with PID 29424 (C:\Users\Rasťo\Desktop\spring_json payload_encryption\target\classes started by Rasťo in C:\Users\Rasťo\Desktop\spring_json payload_encryption)
2022-08-24 09:38:43.160 [main] INFO  jsonEncryption.JsonPayloadEncryptDecryptApplication - No active profile set, falling back to 1 default profile: "default"
2022-08-24 09:38:43.884 [main] INFO  org.springframework.boot.web.embedded.tomcat.TomcatWebServer - Tomcat initialized with port(s): 8080 (http)
2022-08-24 09:38:43.962 [main] INFO  org.springframework.boot.web.servlet.context.ServletWebServerApplicationContext - Root WebApplicationContext: initialization completed in 769 ms
2022-08-24 09:38:44.226 [main] INFO  org.springframework.boot.web.embedded.tomcat.TomcatWebServer - Tomcat started on port(s): 8080 (http) with context path ''
2022-08-24 09:38:44.235 [main] INFO  jsonEncryption.JsonPayloadEncryptDecryptApplication - Started JsonPayloadEncryptDecryptApplication in 1.376 seconds (JVM running for 2.074)
2022-08-24 09:38:47.216 [main] INFO  jsonEncryption.JsonPayloadEncryptDecryptApplication - Starting JsonPayloadEncryptDecryptApplication using Java 18.0.2 on Rasto-HomePC with PID 26976 (C:\Users\Rasťo\Desktop\spring_json payload_encryption\target\classes started by Rasťo in C:\Users\Rasťo\Desktop\spring_json payload_encryption)
2022-08-24 09:38:47.273 [main] INFO  jsonEncryption.JsonPayloadEncryptDecryptApplication - No active profile set, falling back to 1 default profile: "default"
2022-08-24 09:38:47.984 [main] INFO  org.springframework.boot.web.embedded.tomcat.TomcatWebServer - Tomcat initialized with port(s): 8080 (http)
2022-08-24 09:38:47.998 [main] INFO  org.apache.coyote.http11.Http11NioProtocol - Initializing ProtocolHandler ["http-nio-8080"]
2022-08-24 09:38:47.999 [main] INFO  org.apache.catalina.core.StandardService - Starting service [Tomcat]
2022-08-24 09:38:48.000 [main] INFO  org.apache.catalina.core.StandardEngine - Starting Servlet engine: [Apache Tomcat/9.0.65]
2022-08-24 09:38:48.069 [main] INFO  org.apache.catalina.core.ContainerBase.[Tomcat].[localhost].[/] - Initializing Spring embedded WebApplicationContext
2022-08-24 09:38:48.070 [main] INFO  org.springframework.boot.web.servlet.context.ServletWebServerApplicationContext - Root WebApplicationContext: initialization completed in 764 ms
2022-08-24 09:38:48.308 [main] INFO  org.apache.coyote.http11.Http11NioProtocol - Starting ProtocolHandler ["http-nio-8080"]
2022-08-24 09:38:48.326 [main] INFO  org.springframework.boot.web.embedded.tomcat.TomcatWebServer - Tomcat started on port(s): 8080 (http) with context path ''
2022-08-24 09:38:48.335 [main] INFO  jsonEncryption.JsonPayloadEncryptDecryptApplication - Started JsonPayloadEncryptDecryptApplication in 1.346 seconds (JVM running for 2.029)
2022-08-24 09:39:43.332 [main] INFO  jsonEncryption.JsonPayloadEncryptDecryptApplication - Starting JsonPayloadEncryptDecryptApplication using Java 18.0.2 on Rasto-HomePC with PID 15304 (C:\Users\Rasťo\Desktop\spring_json_payload_encryption\target\classes started by Rasťo in C:\Users\Rasťo\Desktop\spring_json_payload_encryption)
2022-08-24 09:39:43.389 [main] INFO  jsonEncryption.JsonPayloadEncryptDecryptApplication - No active profile set, falling back to 1 default profile: "default"
2022-08-24 09:39:44.168 [main] INFO  org.springframework.boot.web.embedded.tomcat.TomcatWebServer - Tomcat initialized with port(s): 8080 (http)
2022-08-24 09:39:44.183 [main] INFO  org.apache.coyote.http11.Http11NioProtocol - Initializing ProtocolHandler ["http-nio-8080"]
2022-08-24 09:39:44.184 [main] INFO  org.apache.catalina.core.StandardService - Starting service [Tomcat]
2022-08-24 09:39:44.185 [main] INFO  org.apache.catalina.core.StandardEngine - Starting Servlet engine: [Apache Tomcat/9.0.65]
2022-08-24 09:39:44.258 [main] INFO  org.apache.catalina.core.ContainerBase.[Tomcat].[localhost].[/] - Initializing Spring embedded WebApplicationContext
2022-08-24 09:39:44.259 [main] INFO  org.springframework.boot.web.servlet.context.ServletWebServerApplicationContext - Root WebApplicationContext: initialization completed in 832 ms
2022-08-24 09:39:44.501 [main] INFO  org.apache.coyote.http11.Http11NioProtocol - Starting ProtocolHandler ["http-nio-8080"]
2022-08-24 09:39:44.519 [main] INFO  org.springframework.boot.web.embedded.tomcat.TomcatWebServer - Tomcat started on port(s): 8080 (http) with context path ''
2022-08-24 09:39:44.528 [main] INFO  jsonEncryption.JsonPayloadEncryptDecryptApplication - Started JsonPayloadEncryptDecryptApplication in 1.428 seconds (JVM running for 2.145)
2022-08-24 09:40:19.697 [http-nio-8080-exec-1] INFO  org.apache.catalina.core.ContainerBase.[Tomcat].[localhost].[/] - Initializing Spring DispatcherServlet 'dispatcherServlet'
2022-08-24 09:40:19.698 [http-nio-8080-exec-1] INFO  org.springframework.web.servlet.DispatcherServlet - Initializing Servlet 'dispatcherServlet'
2022-08-24 09:40:19.699 [http-nio-8080-exec-1] INFO  org.springframework.web.servlet.DispatcherServlet - Completed initialization in 1 ms
2022-08-24 09:40:27.940 [http-nio-8080-exec-2] INFO  jsonEncryption.Logger - 200 OK
2022-08-24 09:45:48.286 [main] INFO  org.springframework.boot.test.context.SpringBootTestContextBootstrapper - Neither @ContextConfiguration nor @ContextHierarchy found for test class [jsonEncryption.JsonPayloadEncryptDecryptApplicationTests], using SpringBootContextLoader
2022-08-24 09:45:48.345 [main] INFO  org.springframework.test.context.support.AbstractContextLoader - Could not detect default resource locations for test class [jsonEncryption.JsonPayloadEncryptDecryptApplicationTests]: no resource found for suffixes {-context.xml, Context.groovy}.
2022-08-24 09:45:48.346 [main] INFO  org.springframework.test.context.support.AnnotationConfigContextLoaderUtils - Could not detect default configuration classes for test class [jsonEncryption.JsonPayloadEncryptDecryptApplicationTests]: JsonPayloadEncryptDecryptApplicationTests does not declare any static, non-private, non-final, nested classes annotated with @Configuration.
2022-08-24 09:45:48.420 [main] INFO  org.springframework.boot.test.context.SpringBootTestContextBootstrapper - Found @SpringBootConfiguration jsonEncryption.JsonPayloadEncryptDecryptApplication for test class jsonEncryption.JsonPayloadEncryptDecryptApplicationTests
2022-08-24 09:45:48.483 [main] INFO  org.springframework.boot.test.context.SpringBootTestContextBootstrapper - Loaded default TestExecutionListener class names from location [META-INF/spring.factories]: [org.springframework.boot.test.mock.mockito.MockitoTestExecutionListener, org.springframework.boot.test.mock.mockito.ResetMocksTestExecutionListener, org.springframework.boot.test.autoconfigure.restdocs.RestDocsTestExecutionListener, org.springframework.boot.test.autoconfigure.web.client.MockRestServiceServerResetTestExecutionListener, org.springframework.boot.test.autoconfigure.web.servlet.MockMvcPrintOnlyOnFailureTestExecutionListener, org.springframework.boot.test.autoconfigure.web.servlet.WebDriverTestExecutionListener, org.springframework.boot.test.autoconfigure.webservices.client.MockWebServiceServerTestExecutionListener, org.springframework.test.context.web.ServletTestExecutionListener, org.springframework.test.context.support.DirtiesContextBeforeModesTestExecutionListener, org.springframework.test.context.event.ApplicationEventsTestExecutionListener, org.springframework.test.context.support.DependencyInjectionTestExecutionListener, org.springframework.test.context.support.DirtiesContextTestExecutionListener, org.springframework.test.context.transaction.TransactionalTestExecutionListener, org.springframework.test.context.jdbc.SqlScriptsTestExecutionListener, org.springframework.test.context.event.EventPublishingTestExecutionListener]
2022-08-24 09:45:48.493 [main] INFO  org.springframework.boot.test.context.SpringBootTestContextBootstrapper - Using TestExecutionListeners: [org.springframework.test.context.web.ServletTestExecutionListener@7051777c, org.springframework.test.context.support.DirtiesContextBeforeModesTestExecutionListener@3241713e, org.springframework.test.context.event.ApplicationEventsTestExecutionListener@5ecba515, org.springframework.boot.test.mock.mockito.MockitoTestExecutionListener@512d4583, org.springframework.boot.test.autoconfigure.SpringBootDependencyInjectionTestExecutionListener@2abc224d, org.springframework.test.context.support.DirtiesContextTestExecutionListener@13cd7ea5, org.springframework.test.context.event.EventPublishingTestExecutionListener@102d92c4, org.springframework.boot.test.mock.mockito.ResetMocksTestExecutionListener@2b97cc1f, org.springframework.boot.test.autoconfigure.restdocs.RestDocsTestExecutionListener@60723d6a, org.springframework.boot.test.autoconfigure.web.client.MockRestServiceServerResetTestExecutionListener@18324f97, org.springframework.boot.test.autoconfigure.web.servlet.MockMvcPrintOnlyOnFailureTestExecutionListener@64f555e7, org.springframework.boot.test.autoconfigure.web.servlet.WebDriverTestExecutionListener@71178a52, org.springframework.boot.test.autoconfigure.webservices.client.MockWebServiceServerTestExecutionListener@ff6077]
2022-08-24 09:45:48.696 [main] INFO  jsonEncryption.JsonPayloadEncryptDecryptApplicationTests - Starting JsonPayloadEncryptDecryptApplicationTests using Java 18.0.2 on Rasto-HomePC with PID 3496 (started by Rasťo in C:\Users\Rasťo\Desktop\spring_json_payload_encryption)
2022-08-24 09:45:48.704 [main] INFO  jsonEncryption.JsonPayloadEncryptDecryptApplicationTests - No active profile set, falling back to 1 default profile: "default"
2022-08-24 09:45:49.794 [main] INFO  jsonEncryption.JsonPayloadEncryptDecryptApplicationTests - Started JsonPayloadEncryptDecryptApplicationTests in 1.268 seconds (JVM running for 2.369)
2022-08-24 10:06:08.562 [main] INFO  org.springframework.boot.test.context.SpringBootTestContextBootstrapper - Neither @ContextConfiguration nor @ContextHierarchy found for test class [jsonEncryption.JsonPayloadEncryptDecryptApplicationTests], using SpringBootContextLoader
2022-08-24 10:06:08.622 [main] INFO  org.springframework.test.context.support.AbstractContextLoader - Could not detect default resource locations for test class [jsonEncryption.JsonPayloadEncryptDecryptApplicationTests]: no resource found for suffixes {-context.xml, Context.groovy}.
2022-08-24 10:06:08.623 [main] INFO  org.springframework.test.context.support.AnnotationConfigContextLoaderUtils - Could not detect default configuration classes for test class [jsonEncryption.JsonPayloadEncryptDecryptApplicationTests]: JsonPayloadEncryptDecryptApplicationTests does not declare any static, non-private, non-final, nested classes annotated with @Configuration.
2022-08-24 10:06:08.697 [main] INFO  org.springframework.boot.test.context.SpringBootTestContextBootstrapper - Found @SpringBootConfiguration jsonEncryption.JsonPayloadEncryptDecryptApplication for test class jsonEncryption.JsonPayloadEncryptDecryptApplicationTests
2022-08-24 10:06:08.765 [main] INFO  org.springframework.boot.test.context.SpringBootTestContextBootstrapper - Loaded default TestExecutionListener class names from location [META-INF/spring.factories]: [org.springframework.boot.test.mock.mockito.MockitoTestExecutionListener, org.springframework.boot.test.mock.mockito.ResetMocksTestExecutionListener, org.springframework.boot.test.autoconfigure.restdocs.RestDocsTestExecutionListener, org.springframework.boot.test.autoconfigure.web.client.MockRestServiceServerResetTestExecutionListener, org.springframework.boot.test.autoconfigure.web.servlet.MockMvcPrintOnlyOnFailureTestExecutionListener, org.springframework.boot.test.autoconfigure.web.servlet.WebDriverTestExecutionListener, org.springframework.boot.test.autoconfigure.webservices.client.MockWebServiceServerTestExecutionListener, org.springframework.test.context.web.ServletTestExecutionListener, org.springframework.test.context.support.DirtiesContextBeforeModesTestExecutionListener, org.springframework.test.context.event.ApplicationEventsTestExecutionListener, org.springframework.test.context.support.DependencyInjectionTestExecutionListener, org.springframework.test.context.support.DirtiesContextTestExecutionListener, org.springframework.test.context.transaction.TransactionalTestExecutionListener, org.springframework.test.context.jdbc.SqlScriptsTestExecutionListener, org.springframework.test.context.event.EventPublishingTestExecutionListener]
2022-08-24 10:06:08.776 [main] INFO  org.springframework.boot.test.context.SpringBootTestContextBootstrapper - Using TestExecutionListeners: [org.springframework.test.context.web.ServletTestExecutionListener@7051777c, org.springframework.test.context.support.DirtiesContextBeforeModesTestExecutionListener@3241713e, org.springframework.test.context.event.ApplicationEventsTestExecutionListener@5ecba515, org.springframework.boot.test.mock.mockito.MockitoTestExecutionListener@512d4583, org.springframework.boot.test.autoconfigure.SpringBootDependencyInjectionTestExecutionListener@2abc224d, org.springframework.test.context.support.DirtiesContextTestExecutionListener@13cd7ea5, org.springframework.test.context.event.EventPublishingTestExecutionListener@102d92c4, org.springframework.boot.test.mock.mockito.ResetMocksTestExecutionListener@2b97cc1f, org.springframework.boot.test.autoconfigure.restdocs.RestDocsTestExecutionListener@60723d6a, org.springframework.boot.test.autoconfigure.web.client.MockRestServiceServerResetTestExecutionListener@18324f97, org.springframework.boot.test.autoconfigure.web.servlet.MockMvcPrintOnlyOnFailureTestExecutionListener@64f555e7, org.springframework.boot.test.autoconfigure.web.servlet.WebDriverTestExecutionListener@71178a52, org.springframework.boot.test.autoconfigure.webservices.client.MockWebServiceServerTestExecutionListener@ff6077]
2022-08-24 10:06:08.973 [main] INFO  jsonEncryption.JsonPayloadEncryptDecryptApplicationTests - Starting JsonPayloadEncryptDecryptApplicationTests using Java 18.0.2 on Rasto-HomePC with PID 15096 (started by Rasťo in C:\Users\Rasťo\Desktop\spring_json_payload_encryption)
2022-08-24 10:06:08.980 [main] INFO  jsonEncryption.JsonPayloadEncryptDecryptApplicationTests - No active profile set, falling back to 1 default profile: "default"
2022-08-24 10:06:09.977 [main] INFO  jsonEncryption.JsonPayloadEncryptDecryptApplicationTests - Started JsonPayloadEncryptDecryptApplicationTests in 1.17 seconds (JVM running for 2.239)
2022-08-24 10:10:17.867 [main] INFO  org.springframework.boot.test.context.SpringBootTestContextBootstrapper - Neither @ContextConfiguration nor @ContextHierarchy found for test class [jsonEncryption.JsonPayloadEncryptDecryptApplicationTests], using SpringBootContextLoader
2022-08-24 10:10:17.927 [main] INFO  org.springframework.test.context.support.AbstractContextLoader - Could not detect default resource locations for test class [jsonEncryption.JsonPayloadEncryptDecryptApplicationTests]: no resource found for suffixes {-context.xml, Context.groovy}.
2022-08-24 10:10:17.929 [main] INFO  org.springframework.test.context.support.AnnotationConfigContextLoaderUtils - Could not detect default configuration classes for test class [jsonEncryption.JsonPayloadEncryptDecryptApplicationTests]: JsonPayloadEncryptDecryptApplicationTests does not declare any static, non-private, non-final, nested classes annotated with @Configuration.
2022-08-24 10:10:18.005 [main] INFO  org.springframework.boot.test.context.SpringBootTestContextBootstrapper - Found @SpringBootConfiguration jsonEncryption.JsonPayloadEncryptDecryptApplication for test class jsonEncryption.JsonPayloadEncryptDecryptApplicationTests
2022-08-24 10:10:18.068 [main] INFO  org.springframework.boot.test.context.SpringBootTestContextBootstrapper - Loaded default TestExecutionListener class names from location [META-INF/spring.factories]: [org.springframework.boot.test.mock.mockito.MockitoTestExecutionListener, org.springframework.boot.test.mock.mockito.ResetMocksTestExecutionListener, org.springframework.boot.test.autoconfigure.restdocs.RestDocsTestExecutionListener, org.springframework.boot.test.autoconfigure.web.client.MockRestServiceServerResetTestExecutionListener, org.springframework.boot.test.autoconfigure.web.servlet.MockMvcPrintOnlyOnFailureTestExecutionListener, org.springframework.boot.test.autoconfigure.web.servlet.WebDriverTestExecutionListener, org.springframework.boot.test.autoconfigure.webservices.client.MockWebServiceServerTestExecutionListener, org.springframework.test.context.web.ServletTestExecutionListener, org.springframework.test.context.support.DirtiesContextBeforeModesTestExecutionListener, org.springframework.test.context.event.ApplicationEventsTestExecutionListener, org.springframework.test.context.support.DependencyInjectionTestExecutionListener, org.springframework.test.context.support.DirtiesContextTestExecutionListener, org.springframework.test.context.transaction.TransactionalTestExecutionListener, org.springframework.test.context.jdbc.SqlScriptsTestExecutionListener, org.springframework.test.context.event.EventPublishingTestExecutionListener]
2022-08-24 10:10:18.078 [main] INFO  org.springframework.boot.test.context.SpringBootTestContextBootstrapper - Using TestExecutionListeners: [org.springframework.test.context.web.ServletTestExecutionListener@7051777c, org.springframework.test.context.support.DirtiesContextBeforeModesTestExecutionListener@3241713e, org.springframework.test.context.event.ApplicationEventsTestExecutionListener@5ecba515, org.springframework.boot.test.mock.mockito.MockitoTestExecutionListener@512d4583, org.springframework.boot.test.autoconfigure.SpringBootDependencyInjectionTestExecutionListener@2abc224d, org.springframework.test.context.support.DirtiesContextTestExecutionListener@13cd7ea5, org.springframework.test.context.event.EventPublishingTestExecutionListener@102d92c4, org.springframework.boot.test.mock.mockito.ResetMocksTestExecutionListener@2b97cc1f, org.springframework.boot.test.autoconfigure.restdocs.RestDocsTestExecutionListener@60723d6a, org.springframework.boot.test.autoconfigure.web.client.MockRestServiceServerResetTestExecutionListener@18324f97, org.springframework.boot.test.autoconfigure.web.servlet.MockMvcPrintOnlyOnFailureTestExecutionListener@64f555e7, org.springframework.boot.test.autoconfigure.web.servlet.WebDriverTestExecutionListener@71178a52, org.springframework.boot.test.autoconfigure.webservices.client.MockWebServiceServerTestExecutionListener@ff6077]
2022-08-24 10:10:18.279 [main] INFO  jsonEncryption.JsonPayloadEncryptDecryptApplicationTests - Starting JsonPayloadEncryptDecryptApplicationTests using Java 18.0.2 on Rasto-HomePC with PID 24436 (started by Rasťo in C:\Users\Rasťo\Desktop\spring_json_payload_encryption)
2022-08-24 10:10:18.286 [main] INFO  jsonEncryption.JsonPayloadEncryptDecryptApplicationTests - No active profile set, falling back to 1 default profile: "default"
2022-08-24 10:10:19.290 [main] INFO  jsonEncryption.JsonPayloadEncryptDecryptApplicationTests - Started JsonPayloadEncryptDecryptApplicationTests in 1.179 seconds (JVM running for 2.212)
2022-08-24 10:10:30.540 [main] INFO  jsonEncryption.JsonPayloadEncryptDecryptApplication - Starting JsonPayloadEncryptDecryptApplication using Java 18.0.2 on Rasto-HomePC with PID 22940 (C:\Users\Rasťo\Desktop\spring_json_payload_encryption\target\classes started by Rasťo in C:\Users\Rasťo\Desktop\spring_json_payload_encryption)
2022-08-24 10:10:30.595 [main] INFO  jsonEncryption.JsonPayloadEncryptDecryptApplication - No active profile set, falling back to 1 default profile: "default"
2022-08-24 10:10:31.296 [main] INFO  org.springframework.boot.web.embedded.tomcat.TomcatWebServer - Tomcat initialized with port(s): 8080 (http)
2022-08-24 10:10:31.310 [main] INFO  org.apache.coyote.http11.Http11NioProtocol - Initializing ProtocolHandler ["http-nio-8080"]
2022-08-24 10:10:31.312 [main] INFO  org.apache.catalina.core.StandardService - Starting service [Tomcat]
2022-08-24 10:10:31.312 [main] INFO  org.apache.catalina.core.StandardEngine - Starting Servlet engine: [Apache Tomcat/9.0.65]
2022-08-24 10:10:31.383 [main] INFO  org.apache.catalina.core.ContainerBase.[Tomcat].[localhost].[/] - Initializing Spring embedded WebApplicationContext
2022-08-24 10:10:31.384 [main] INFO  org.springframework.boot.web.servlet.context.ServletWebServerApplicationContext - Root WebApplicationContext: initialization completed in 755 ms
2022-08-24 10:10:31.622 [main] INFO  org.apache.coyote.http11.Http11NioProtocol - Starting ProtocolHandler ["http-nio-8080"]
2022-08-24 10:10:31.641 [main] INFO  org.springframework.boot.web.embedded.tomcat.TomcatWebServer - Tomcat started on port(s): 8080 (http) with context path ''
2022-08-24 10:10:31.651 [main] INFO  jsonEncryption.JsonPayloadEncryptDecryptApplication - Started JsonPayloadEncryptDecryptApplication in 1.343 seconds (JVM running for 2.015)
2022-08-24 10:14:25.691 [http-nio-8080-exec-2] INFO  org.apache.catalina.core.ContainerBase.[Tomcat].[localhost].[/] - Initializing Spring DispatcherServlet 'dispatcherServlet'
2022-08-24 10:14:25.691 [http-nio-8080-exec-2] INFO  org.springframework.web.servlet.DispatcherServlet - Initializing Servlet 'dispatcherServlet'
2022-08-24 10:14:25.692 [http-nio-8080-exec-2] INFO  org.springframework.web.servlet.DispatcherServlet - Completed initialization in 0 ms
2022-08-24 10:14:33.196 [http-nio-8080-exec-3] INFO  jsonEncryption.Logger - 200 OK
2022-08-24 10:21:51.150 [main] INFO  jsonEncryption.JsonPayloadEncryptDecryptApplication - Starting JsonPayloadEncryptDecryptApplication using Java 18.0.2 on Rasto-HomePC with PID 35680 (C:\Users\Rasťo\Desktop\spring_json_payload_encryption\target\classes started by Rasťo in C:\Users\Rasťo\Desktop\spring_json_payload_encryption)
2022-08-24 10:21:51.208 [main] INFO  jsonEncryption.JsonPayloadEncryptDecryptApplication - No active profile set, falling back to 1 default profile: "default"
2022-08-24 10:21:51.941 [main] INFO  org.springframework.boot.web.embedded.tomcat.TomcatWebServer - Tomcat initialized with port(s): 8080 (http)
2022-08-24 10:21:51.954 [main] INFO  org.apache.coyote.http11.Http11NioProtocol - Initializing ProtocolHandler ["http-nio-8080"]
2022-08-24 10:21:51.955 [main] INFO  org.apache.catalina.core.StandardService - Starting service [Tomcat]
2022-08-24 10:21:51.956 [main] INFO  org.apache.catalina.core.StandardEngine - Starting Servlet engine: [Apache Tomcat/9.0.65]
2022-08-24 10:21:52.028 [main] INFO  org.apache.catalina.core.ContainerBase.[Tomcat].[localhost].[/] - Initializing Spring embedded WebApplicationContext
2022-08-24 10:21:52.028 [main] INFO  org.springframework.boot.web.servlet.context.ServletWebServerApplicationContext - Root WebApplicationContext: initialization completed in 783 ms
2022-08-24 10:21:52.268 [main] INFO  org.apache.coyote.http11.Http11NioProtocol - Starting ProtocolHandler ["http-nio-8080"]
2022-08-24 10:21:52.285 [main] INFO  org.springframework.boot.web.embedded.tomcat.TomcatWebServer - Tomcat started on port(s): 8080 (http) with context path ''
2022-08-24 10:21:52.294 [main] INFO  jsonEncryption.JsonPayloadEncryptDecryptApplication - Started JsonPayloadEncryptDecryptApplication in 1.381 seconds (JVM running for 2.065)
2022-08-24 10:31:41.686 [main] INFO  jsonEncryption.JsonPayloadEncryptDecryptApplication - Starting JsonPayloadEncryptDecryptApplication using Java 18.0.2 on Rasto-HomePC with PID 29952 (C:\Users\Rasťo\Desktop\spring_json_payload_encryption\target\classes started by Rasťo in C:\Users\Rasťo\Desktop\spring_json_payload_encryption)
2022-08-24 10:31:41.768 [main] INFO  jsonEncryption.JsonPayloadEncryptDecryptApplication - No active profile set, falling back to 1 default profile: "default"
2022-08-24 10:31:42.615 [main] INFO  org.springframework.boot.web.embedded.tomcat.TomcatWebServer - Tomcat initialized with port(s): 8080 (http)
2022-08-24 10:31:42.630 [main] INFO  org.apache.coyote.http11.Http11NioProtocol - Initializing ProtocolHandler ["http-nio-8080"]
2022-08-24 10:31:42.631 [main] INFO  org.apache.catalina.core.StandardService - Starting service [Tomcat]
2022-08-24 10:31:42.631 [main] INFO  org.apache.catalina.core.StandardEngine - Starting Servlet engine: [Apache Tomcat/9.0.65]
2022-08-24 10:31:42.709 [main] INFO  org.apache.catalina.core.ContainerBase.[Tomcat].[localhost].[/] - Initializing Spring embedded WebApplicationContext
2022-08-24 10:31:42.710 [main] INFO  org.springframework.boot.web.servlet.context.ServletWebServerApplicationContext - Root WebApplicationContext: initialization completed in 886 ms
2022-08-24 10:31:43.002 [main] INFO  org.apache.coyote.http11.Http11NioProtocol - Starting ProtocolHandler ["http-nio-8080"]
2022-08-24 10:31:43.028 [main] INFO  org.springframework.boot.web.embedded.tomcat.TomcatWebServer - Tomcat started on port(s): 8080 (http) with context path ''
2022-08-24 10:31:43.040 [main] INFO  jsonEncryption.JsonPayloadEncryptDecryptApplication - Started JsonPayloadEncryptDecryptApplication in 1.606 seconds (JVM running for 2.383)
2022-08-24 10:32:07.318 [http-nio-8080-exec-1] INFO  org.apache.catalina.core.ContainerBase.[Tomcat].[localhost].[/] - Initializing Spring DispatcherServlet 'dispatcherServlet'
2022-08-24 10:32:07.318 [http-nio-8080-exec-1] INFO  org.springframework.web.servlet.DispatcherServlet - Initializing Servlet 'dispatcherServlet'
2022-08-24 10:32:07.319 [http-nio-8080-exec-1] INFO  org.springframework.web.servlet.DispatcherServlet - Completed initialization in 1 ms
2022-08-24 10:33:16.063 [http-nio-8080-exec-6] INFO  jsonEncryption.Logger - 200 OK
2022-08-24 10:35:35.821 [http-nio-8080-exec-1] INFO  jsonEncryption.Logger - 200 OK
2022-08-24 10:36:12.852 [http-nio-8080-exec-6] INFO  jsonEncryption.Logger - 200 OK
2022-08-24 10:39:21.610 [http-nio-8080-exec-9] INFO  jsonEncryption.Logger - 200 OK
2022-08-24 10:39:49.700 [http-nio-8080-exec-10] INFO  jsonEncryption.Logger - 200 OK
2022-08-24 20:38:52.996 [main] INFO  jsonEncryption.JsonPayloadEncryptDecryptApplication - Starting JsonPayloadEncryptDecryptApplication using Java 18.0.2 on Rasto-HomePC with PID 127380 (C:\Users\Rasťo\Desktop\spring_json_payload_encryption\target\classes started by Rasťo in C:\Users\Rasťo\Desktop\spring_json_payload_encryption)
2022-08-24 20:38:53.054 [main] INFO  jsonEncryption.JsonPayloadEncryptDecryptApplication - No active profile set, falling back to 1 default profile: "default"
2022-08-24 20:38:53.784 [main] INFO  org.springframework.boot.web.embedded.tomcat.TomcatWebServer - Tomcat initialized with port(s): 8080 (http)
2022-08-24 20:38:53.797 [main] INFO  org.apache.coyote.http11.Http11NioProtocol - Initializing ProtocolHandler ["http-nio-8080"]
2022-08-24 20:38:53.798 [main] INFO  org.apache.catalina.core.StandardService - Starting service [Tomcat]
2022-08-24 20:38:53.798 [main] INFO  org.apache.catalina.core.StandardEngine - Starting Servlet engine: [Apache Tomcat/9.0.65]
2022-08-24 20:38:53.868 [main] INFO  org.apache.catalina.core.ContainerBase.[Tomcat].[localhost].[/] - Initializing Spring embedded WebApplicationContext
2022-08-24 20:38:53.869 [main] INFO  org.springframework.boot.web.servlet.context.ServletWebServerApplicationContext - Root WebApplicationContext: initialization completed in 774 ms
2022-08-24 20:38:54.116 [main] INFO  org.apache.coyote.http11.Http11NioProtocol - Starting ProtocolHandler ["http-nio-8080"]
2022-08-24 20:38:54.138 [main] INFO  org.springframework.boot.web.embedded.tomcat.TomcatWebServer - Tomcat started on port(s): 8080 (http) with context path ''
2022-08-24 20:38:54.147 [main] INFO  jsonEncryption.JsonPayloadEncryptDecryptApplication - Started JsonPayloadEncryptDecryptApplication in 1.391 seconds (JVM running for 2.112)
2022-08-24 20:41:14.897 [main] INFO  jsonEncryption.JsonPayloadEncryptDecryptApplication - Starting JsonPayloadEncryptDecryptApplication using Java 18.0.2 on Rasto-HomePC with PID 125148 (C:\Users\Rasťo\Desktop\spring_json_payload_encryption\target\classes started by Rasťo in C:\Users\Rasťo\Desktop\spring_json_payload_encryption)
2022-08-24 20:41:14.903 [main] INFO  jsonEncryption.JsonPayloadEncryptDecryptApplication - No active profile set, falling back to 1 default profile: "default"
2022-08-24 20:41:15.633 [main] INFO  org.springframework.boot.web.embedded.tomcat.TomcatWebServer - Tomcat initialized with port(s): 8080 (http)
2022-08-24 20:41:15.650 [main] INFO  org.apache.coyote.http11.Http11NioProtocol - Initializing ProtocolHandler ["http-nio-8080"]
2022-08-24 20:41:15.650 [main] INFO  org.apache.catalina.core.StandardService - Starting service [Tomcat]
2022-08-24 20:41:15.651 [main] INFO  org.apache.catalina.core.StandardEngine - Starting Servlet engine: [Apache Tomcat/9.0.65]
2022-08-24 20:41:15.726 [main] INFO  org.apache.catalina.core.ContainerBase.[Tomcat].[localhost].[/] - Initializing Spring embedded WebApplicationContext
2022-08-24 20:41:15.726 [main] INFO  org.springframework.boot.web.servlet.context.ServletWebServerApplicationContext - Root WebApplicationContext: initialization completed in 791 ms
2022-08-24 20:41:15.974 [main] INFO  org.apache.coyote.http11.Http11NioProtocol - Starting ProtocolHandler ["http-nio-8080"]
2022-08-24 20:41:15.991 [main] INFO  org.springframework.boot.web.embedded.tomcat.TomcatWebServer - Tomcat started on port(s): 8080 (http) with context path ''
2022-08-24 20:41:16.002 [main] INFO  jsonEncryption.JsonPayloadEncryptDecryptApplication - Started JsonPayloadEncryptDecryptApplication in 1.352 seconds (JVM running for 2.148)
2022-08-24 20:41:21.313 [http-nio-8080-exec-1] INFO  org.apache.catalina.core.ContainerBase.[Tomcat].[localhost].[/] - Initializing Spring DispatcherServlet 'dispatcherServlet'
2022-08-24 20:41:21.313 [http-nio-8080-exec-1] INFO  org.springframework.web.servlet.DispatcherServlet - Initializing Servlet 'dispatcherServlet'
2022-08-24 20:41:21.314 [http-nio-8080-exec-1] INFO  org.springframework.web.servlet.DispatcherServlet - Completed initialization in 1 ms
2022-08-24 20:41:24.748 [http-nio-8080-exec-2] INFO  jsonEncryption.Logger - method time:124215700size:500
2022-08-24 20:41:24.749 [http-nio-8080-exec-2] INFO  jsonEncryption.Logger - 200 OK
2022-08-24 20:43:22.764 [main] INFO  jsonEncryption.JsonPayloadEncryptDecryptApplication - Starting JsonPayloadEncryptDecryptApplication using Java 18.0.2 on Rasto-HomePC with PID 126636 (C:\Users\Rasťo\Desktop\spring_json_payload_encryption\target\classes started by Rasťo in C:\Users\Rasťo\Desktop\spring_json_payload_encryption)
2022-08-24 20:43:22.769 [main] INFO  jsonEncryption.JsonPayloadEncryptDecryptApplication - No active profile set, falling back to 1 default profile: "default"
2022-08-24 20:43:23.493 [main] INFO  org.springframework.boot.web.embedded.tomcat.TomcatWebServer - Tomcat initialized with port(s): 8080 (http)
2022-08-24 20:43:23.507 [main] INFO  org.apache.coyote.http11.Http11NioProtocol - Initializing ProtocolHandler ["http-nio-8080"]
2022-08-24 20:43:23.507 [main] INFO  org.apache.catalina.core.StandardService - Starting service [Tomcat]
2022-08-24 20:43:23.508 [main] INFO  org.apache.catalina.core.StandardEngine - Starting Servlet engine: [Apache Tomcat/9.0.65]
2022-08-24 20:43:23.577 [main] INFO  org.apache.catalina.core.ContainerBase.[Tomcat].[localhost].[/] - Initializing Spring embedded WebApplicationContext
2022-08-24 20:43:23.577 [main] INFO  org.springframework.boot.web.servlet.context.ServletWebServerApplicationContext - Root WebApplicationContext: initialization completed in 777 ms
2022-08-24 20:43:23.808 [main] INFO  org.apache.coyote.http11.Http11NioProtocol - Starting ProtocolHandler ["http-nio-8080"]
2022-08-24 20:43:23.827 [main] INFO  org.springframework.boot.web.embedded.tomcat.TomcatWebServer - Tomcat started on port(s): 8080 (http) with context path ''
2022-08-24 20:43:23.836 [main] INFO  jsonEncryption.JsonPayloadEncryptDecryptApplication - Started JsonPayloadEncryptDecryptApplication in 1.309 seconds (JVM running for 2.034)
2022-08-24 20:43:35.256 [http-nio-8080-exec-1] INFO  org.apache.catalina.core.ContainerBase.[Tomcat].[localhost].[/] - Initializing Spring DispatcherServlet 'dispatcherServlet'
2022-08-24 20:43:35.256 [http-nio-8080-exec-1] INFO  org.springframework.web.servlet.DispatcherServlet - Initializing Servlet 'dispatcherServlet'
2022-08-24 20:43:35.257 [http-nio-8080-exec-1] INFO  org.springframework.web.servlet.DispatcherServlet - Completed initialization in 1 ms
2022-08-24 20:43:37.506 [http-nio-8080-exec-2] INFO  jsonEncryption.Logger - method time:123981600messages size:500
2022-08-24 20:43:37.507 [http-nio-8080-exec-2] INFO  jsonEncryption.Logger - 200 OK
2022-08-24 20:43:41.784 [http-nio-8080-exec-3] INFO  jsonEncryption.Logger - method time:75654900messages size:500
2022-08-24 20:43:41.784 [http-nio-8080-exec-3] INFO  jsonEncryption.Logger - 200 OK
2022-08-24 20:45:51.187 [http-nio-8080-exec-5] INFO  jsonEncryption.Logger - method time:68210100messages size:500
2022-08-24 20:45:51.187 [http-nio-8080-exec-5] INFO  jsonEncryption.Logger - 200 OK
2022-08-24 20:46:59.088 [main] INFO  jsonEncryption.JsonPayloadEncryptDecryptApplication - Starting JsonPayloadEncryptDecryptApplication using Java 18.0.2 on Rasto-HomePC with PID 49788 (C:\Users\Rasťo\Desktop\spring_json_payload_encryption\target\classes started by Rasťo in C:\Users\Rasťo\Desktop\spring_json_payload_encryption)
2022-08-24 20:46:59.096 [main] INFO  jsonEncryption.JsonPayloadEncryptDecryptApplication - No active profile set, falling back to 1 default profile: "default"
2022-08-24 20:46:59.806 [main] INFO  org.springframework.boot.web.embedded.tomcat.TomcatWebServer - Tomcat initialized with port(s): 8080 (http)
2022-08-24 20:46:59.829 [main] INFO  org.apache.coyote.http11.Http11NioProtocol - Initializing ProtocolHandler ["http-nio-8080"]
2022-08-24 20:46:59.830 [main] INFO  org.apache.catalina.core.StandardService - Starting service [Tomcat]
2022-08-24 20:46:59.830 [main] INFO  org.apache.catalina.core.StandardEngine - Starting Servlet engine: [Apache Tomcat/9.0.65]
2022-08-24 20:46:59.900 [main] INFO  org.apache.catalina.core.ContainerBase.[Tomcat].[localhost].[/] - Initializing Spring embedded WebApplicationContext
2022-08-24 20:46:59.900 [main] INFO  org.springframework.boot.web.servlet.context.ServletWebServerApplicationContext - Root WebApplicationContext: initialization completed in 770 ms
2022-08-24 20:47:00.133 [main] INFO  org.apache.coyote.http11.Http11NioProtocol - Starting ProtocolHandler ["http-nio-8080"]
2022-08-24 20:47:00.150 [main] INFO  org.springframework.boot.web.embedded.tomcat.TomcatWebServer - Tomcat started on port(s): 8080 (http) with context path ''
2022-08-24 20:47:00.160 [main] INFO  jsonEncryption.JsonPayloadEncryptDecryptApplication - Started JsonPayloadEncryptDecryptApplication in 1.309 seconds (JVM running for 2.007)
2022-08-24 20:47:27.028 [http-nio-8080-exec-1] INFO  org.apache.catalina.core.ContainerBase.[Tomcat].[localhost].[/] - Initializing Spring DispatcherServlet 'dispatcherServlet'
2022-08-24 20:47:27.029 [http-nio-8080-exec-1] INFO  org.springframework.web.servlet.DispatcherServlet - Initializing Servlet 'dispatcherServlet'
2022-08-24 20:47:27.029 [http-nio-8080-exec-1] INFO  org.springframework.web.servlet.DispatcherServlet - Completed initialization in 0 ms
2022-08-24 20:47:29.910 [http-nio-8080-exec-2] INFO  jsonEncryption.Logger - method time:129244400messages size:500
2022-08-24 20:47:29.911 [http-nio-8080-exec-2] INFO  jsonEncryption.Logger - 200 OK
2022-08-24 20:47:30.882 [http-nio-8080-exec-3] INFO  jsonEncryption.Logger - method time:71194100messages size:500
2022-08-24 20:47:30.882 [http-nio-8080-exec-3] INFO  jsonEncryption.Logger - 200 OK
2022-08-24 20:47:31.822 [http-nio-8080-exec-4] INFO  jsonEncryption.Logger - method time:69197000messages size:500
2022-08-24 20:47:31.822 [http-nio-8080-exec-4] INFO  jsonEncryption.Logger - 200 OK
2022-08-24 20:49:40.204 [main] INFO  jsonEncryption.JsonPayloadEncryptDecryptApplication - Starting JsonPayloadEncryptDecryptApplication using Java 18.0.2 on Rasto-HomePC with PID 126824 (C:\Users\Rasťo\Desktop\spring_json_payload_encryption\target\classes started by Rasťo in C:\Users\Rasťo\Desktop\spring_json_payload_encryption)
2022-08-24 20:49:40.210 [main] INFO  jsonEncryption.JsonPayloadEncryptDecryptApplication - No active profile set, falling back to 1 default profile: "default"
2022-08-24 20:49:40.924 [main] INFO  org.springframework.boot.web.embedded.tomcat.TomcatWebServer - Tomcat initialized with port(s): 8080 (http)
2022-08-24 20:49:40.943 [main] INFO  org.apache.coyote.http11.Http11NioProtocol - Initializing ProtocolHandler ["http-nio-8080"]
2022-08-24 20:49:40.943 [main] INFO  org.apache.catalina.core.StandardService - Starting service [Tomcat]
2022-08-24 20:49:40.944 [main] INFO  org.apache.catalina.core.StandardEngine - Starting Servlet engine: [Apache Tomcat/9.0.65]
2022-08-24 20:49:41.012 [main] INFO  org.apache.catalina.core.ContainerBase.[Tomcat].[localhost].[/] - Initializing Spring embedded WebApplicationContext
2022-08-24 20:49:41.012 [main] INFO  org.springframework.boot.web.servlet.context.ServletWebServerApplicationContext - Root WebApplicationContext: initialization completed in 769 ms
2022-08-24 20:49:41.253 [main] INFO  org.apache.coyote.http11.Http11NioProtocol - Starting ProtocolHandler ["http-nio-8080"]
2022-08-24 20:49:41.271 [main] INFO  org.springframework.boot.web.embedded.tomcat.TomcatWebServer - Tomcat started on port(s): 8080 (http) with context path ''
2022-08-24 20:49:41.280 [main] INFO  jsonEncryption.JsonPayloadEncryptDecryptApplication - Started JsonPayloadEncryptDecryptApplication in 1.323 seconds (JVM running for 2.034)
2022-08-24 20:50:01.614 [main] INFO  jsonEncryption.JsonPayloadEncryptDecryptApplication - Starting JsonPayloadEncryptDecryptApplication using Java 18.0.2 on Rasto-HomePC with PID 130092 (C:\Users\Rasťo\Desktop\spring_json_payload_encryption\target\classes started by Rasťo in C:\Users\Rasťo\Desktop\spring_json_payload_encryption)
2022-08-24 20:50:01.679 [main] INFO  jsonEncryption.JsonPayloadEncryptDecryptApplication - No active profile set, falling back to 1 default profile: "default"
2022-08-24 20:50:02.434 [main] INFO  org.springframework.boot.web.embedded.tomcat.TomcatWebServer - Tomcat initialized with port(s): 8080 (http)
2022-08-24 20:50:02.449 [main] INFO  org.apache.coyote.http11.Http11NioProtocol - Initializing ProtocolHandler ["http-nio-8080"]
2022-08-24 20:50:02.450 [main] INFO  org.apache.catalina.core.StandardService - Starting service [Tomcat]
2022-08-24 20:50:02.451 [main] INFO  org.apache.catalina.core.StandardEngine - Starting Servlet engine: [Apache Tomcat/9.0.65]
2022-08-24 20:50:02.524 [main] INFO  org.apache.catalina.core.ContainerBase.[Tomcat].[localhost].[/] - Initializing Spring embedded WebApplicationContext
2022-08-24 20:50:02.525 [main] INFO  org.springframework.boot.web.servlet.context.ServletWebServerApplicationContext - Root WebApplicationContext: initialization completed in 807 ms
2022-08-24 20:50:02.768 [main] INFO  org.apache.coyote.http11.Http11NioProtocol - Starting ProtocolHandler ["http-nio-8080"]
2022-08-24 20:50:02.786 [main] INFO  org.springframework.boot.web.embedded.tomcat.TomcatWebServer - Tomcat started on port(s): 8080 (http) with context path ''
2022-08-24 20:50:02.795 [main] INFO  jsonEncryption.JsonPayloadEncryptDecryptApplication - Started JsonPayloadEncryptDecryptApplication in 1.423 seconds (JVM running for 2.159)
2022-08-24 20:50:09.728 [http-nio-8080-exec-1] INFO  org.apache.catalina.core.ContainerBase.[Tomcat].[localhost].[/] - Initializing Spring DispatcherServlet 'dispatcherServlet'
2022-08-24 20:50:09.728 [http-nio-8080-exec-1] INFO  org.springframework.web.servlet.DispatcherServlet - Initializing Servlet 'dispatcherServlet'
2022-08-24 20:50:09.729 [http-nio-8080-exec-1] INFO  org.springframework.web.servlet.DispatcherServlet - Completed initialization in 0 ms
2022-08-24 20:50:12.517 [http-nio-8080-exec-2] INFO  jsonEncryption.Logger - method time:134667400messages size:500
2022-08-24 20:50:12.518 [http-nio-8080-exec-2] INFO  jsonEncryption.Logger - 200 OK
2022-08-24 20:50:13.860 [http-nio-8080-exec-3] INFO  jsonEncryption.Logger - method time:72873400messages size:500
2022-08-24 20:50:13.861 [http-nio-8080-exec-3] INFO  jsonEncryption.Logger - 200 OK
2022-08-24 20:53:31.422 [main] INFO  jsonEncryption.JsonPayloadEncryptDecryptApplication - Starting JsonPayloadEncryptDecryptApplication using Java 18.0.2 on Rasto-HomePC with PID 130156 (C:\Users\Rasťo\Desktop\spring_json_payload_encryption\target\classes started by Rasťo in C:\Users\Rasťo\Desktop\spring_json_payload_encryption)
2022-08-24 20:53:31.481 [main] INFO  jsonEncryption.JsonPayloadEncryptDecryptApplication - No active profile set, falling back to 1 default profile: "default"
2022-08-24 20:53:32.208 [main] INFO  org.springframework.boot.web.embedded.tomcat.TomcatWebServer - Tomcat initialized with port(s): 8080 (http)
2022-08-24 20:53:32.223 [main] INFO  org.apache.coyote.http11.Http11NioProtocol - Initializing ProtocolHandler ["http-nio-8080"]
2022-08-24 20:53:32.224 [main] INFO  org.apache.catalina.core.StandardService - Starting service [Tomcat]
2022-08-24 20:53:32.225 [main] INFO  org.apache.catalina.core.StandardEngine - Starting Servlet engine: [Apache Tomcat/9.0.65]
2022-08-24 20:53:32.295 [main] INFO  org.apache.catalina.core.ContainerBase.[Tomcat].[localhost].[/] - Initializing Spring embedded WebApplicationContext
2022-08-24 20:53:32.296 [main] INFO  org.springframework.boot.web.servlet.context.ServletWebServerApplicationContext - Root WebApplicationContext: initialization completed in 779 ms
2022-08-24 20:53:32.541 [main] INFO  org.apache.coyote.http11.Http11NioProtocol - Starting ProtocolHandler ["http-nio-8080"]
2022-08-24 20:53:32.562 [main] INFO  org.springframework.boot.web.embedded.tomcat.TomcatWebServer - Tomcat started on port(s): 8080 (http) with context path ''
2022-08-24 20:53:32.573 [main] INFO  jsonEncryption.JsonPayloadEncryptDecryptApplication - Started JsonPayloadEncryptDecryptApplication in 1.38 seconds (JVM running for 2.083)
2022-08-24 20:53:40.565 [http-nio-8080-exec-1] INFO  org.apache.catalina.core.ContainerBase.[Tomcat].[localhost].[/] - Initializing Spring DispatcherServlet 'dispatcherServlet'
2022-08-24 20:53:40.565 [http-nio-8080-exec-1] INFO  org.springframework.web.servlet.DispatcherServlet - Initializing Servlet 'dispatcherServlet'
2022-08-24 20:53:40.567 [http-nio-8080-exec-1] INFO  org.springframework.web.servlet.DispatcherServlet - Completed initialization in 1 ms
2022-08-24 20:53:43.398 [http-nio-8080-exec-2] INFO  jsonEncryption.Logger - 135427200
2022-08-24 20:53:43.401 [http-nio-8080-exec-2] INFO  jsonEncryption.Logger - method time: 135427200 messages size :500
2022-08-24 20:53:43.402 [http-nio-8080-exec-2] INFO  jsonEncryption.Logger - 200 OK
2022-08-24 20:53:45.430 [http-nio-8080-exec-3] INFO  jsonEncryption.Logger - 70853500
2022-08-24 20:53:45.431 [http-nio-8080-exec-3] INFO  jsonEncryption.Logger - method time: 70853500 messages size :500
2022-08-24 20:53:45.431 [http-nio-8080-exec-3] INFO  jsonEncryption.Logger - 200 OK
2022-08-24 21:00:45.941 [main] INFO  jsonEncryption.JsonPayloadEncryptDecryptApplication - Starting JsonPayloadEncryptDecryptApplication using Java 18.0.2 on Rasto-HomePC with PID 131640 (C:\Users\Rasťo\Desktop\spring_json_payload_encryption\target\classes started by Rasťo in C:\Users\Rasťo\Desktop\spring_json_payload_encryption)
2022-08-24 21:00:46.002 [main] INFO  jsonEncryption.JsonPayloadEncryptDecryptApplication - No active profile set, falling back to 1 default profile: "default"
2022-08-24 21:00:46.732 [main] INFO  org.springframework.boot.web.embedded.tomcat.TomcatWebServer - Tomcat initialized with port(s): 8080 (http)
2022-08-24 21:00:46.745 [main] INFO  org.apache.coyote.http11.Http11NioProtocol - Initializing ProtocolHandler ["http-nio-8080"]
2022-08-24 21:00:46.746 [main] INFO  org.apache.catalina.core.StandardService - Starting service [Tomcat]
2022-08-24 21:00:46.746 [main] INFO  org.apache.catalina.core.StandardEngine - Starting Servlet engine: [Apache Tomcat/9.0.65]
2022-08-24 21:00:46.816 [main] INFO  org.apache.catalina.core.ContainerBase.[Tomcat].[localhost].[/] - Initializing Spring embedded WebApplicationContext
2022-08-24 21:00:46.816 [main] INFO  org.springframework.boot.web.servlet.context.ServletWebServerApplicationContext - Root WebApplicationContext: initialization completed in 775 ms
2022-08-24 21:00:47.062 [main] INFO  org.apache.coyote.http11.Http11NioProtocol - Starting ProtocolHandler ["http-nio-8080"]
2022-08-24 21:00:47.082 [main] INFO  org.springframework.boot.web.embedded.tomcat.TomcatWebServer - Tomcat started on port(s): 8080 (http) with context path ''
2022-08-24 21:00:47.090 [main] INFO  jsonEncryption.JsonPayloadEncryptDecryptApplication - Started JsonPayloadEncryptDecryptApplication in 1.39 seconds (JVM running for 2.091)
2022-08-24 21:01:09.658 [main] INFO  jsonEncryption.JsonPayloadEncryptDecryptApplication - Starting JsonPayloadEncryptDecryptApplication using Java 18.0.2 on Rasto-HomePC with PID 127048 (C:\Users\Rasťo\Desktop\spring_json_payload_encryption\target\classes started by Rasťo in C:\Users\Rasťo\Desktop\spring_json_payload_encryption)
2022-08-24 21:01:09.714 [main] INFO  jsonEncryption.JsonPayloadEncryptDecryptApplication - No active profile set, falling back to 1 default profile: "default"
2022-08-24 21:01:10.461 [main] INFO  org.springframework.boot.web.embedded.tomcat.TomcatWebServer - Tomcat initialized with port(s): 8080 (http)
2022-08-24 21:01:10.475 [main] INFO  org.apache.coyote.http11.Http11NioProtocol - Initializing ProtocolHandler ["http-nio-8080"]
2022-08-24 21:01:10.476 [main] INFO  org.apache.catalina.core.StandardService - Starting service [Tomcat]
2022-08-24 21:01:10.477 [main] INFO  org.apache.catalina.core.StandardEngine - Starting Servlet engine: [Apache Tomcat/9.0.65]
2022-08-24 21:01:10.545 [main] INFO  org.apache.catalina.core.ContainerBase.[Tomcat].[localhost].[/] - Initializing Spring embedded WebApplicationContext
2022-08-24 21:01:10.546 [main] INFO  org.springframework.boot.web.servlet.context.ServletWebServerApplicationContext - Root WebApplicationContext: initialization completed in 798 ms
2022-08-24 21:01:10.797 [main] INFO  org.apache.coyote.http11.Http11NioProtocol - Starting ProtocolHandler ["http-nio-8080"]
2022-08-24 21:01:10.814 [main] INFO  org.springframework.boot.web.embedded.tomcat.TomcatWebServer - Tomcat started on port(s): 8080 (http) with context path ''
2022-08-24 21:01:10.823 [main] INFO  jsonEncryption.JsonPayloadEncryptDecryptApplication - Started JsonPayloadEncryptDecryptApplication in 1.408 seconds (JVM running for 2.118)
2022-08-24 21:05:11.970 [main] INFO  jsonEncryption.JsonPayloadEncryptDecryptApplication - Starting JsonPayloadEncryptDecryptApplication using Java 18.0.2 on Rasto-HomePC with PID 119464 (C:\Users\Rasťo\Desktop\spring_json_payload_encryption\target\classes started by Rasťo in C:\Users\Rasťo\Desktop\spring_json_payload_encryption)
2022-08-24 21:05:12.028 [main] INFO  jsonEncryption.JsonPayloadEncryptDecryptApplication - No active profile set, falling back to 1 default profile: "default"
2022-08-24 21:05:12.773 [main] INFO  org.springframework.boot.web.embedded.tomcat.TomcatWebServer - Tomcat initialized with port(s): 8080 (http)
2022-08-24 21:05:12.788 [main] INFO  org.apache.coyote.http11.Http11NioProtocol - Initializing ProtocolHandler ["http-nio-8080"]
2022-08-24 21:05:12.789 [main] INFO  org.apache.catalina.core.StandardService - Starting service [Tomcat]
2022-08-24 21:05:12.790 [main] INFO  org.apache.catalina.core.StandardEngine - Starting Servlet engine: [Apache Tomcat/9.0.65]
2022-08-24 21:05:12.864 [main] INFO  org.apache.catalina.core.ContainerBase.[Tomcat].[localhost].[/] - Initializing Spring embedded WebApplicationContext
2022-08-24 21:05:12.864 [main] INFO  org.springframework.boot.web.servlet.context.ServletWebServerApplicationContext - Root WebApplicationContext: initialization completed in 801 ms
2022-08-24 21:05:13.106 [main] INFO  org.apache.coyote.http11.Http11NioProtocol - Starting ProtocolHandler ["http-nio-8080"]
2022-08-24 21:05:13.124 [main] INFO  org.springframework.boot.web.embedded.tomcat.TomcatWebServer - Tomcat started on port(s): 8080 (http) with context path ''
2022-08-24 21:05:13.134 [main] INFO  jsonEncryption.JsonPayloadEncryptDecryptApplication - Started JsonPayloadEncryptDecryptApplication in 1.412 seconds (JVM running for 2.134)
2022-08-24 21:07:10.386 [main] INFO  jsonEncryption.JsonPayloadEncryptDecryptApplication - Starting JsonPayloadEncryptDecryptApplication using Java 18.0.2 on Rasto-HomePC with PID 130264 (C:\Users\Rasťo\Desktop\spring_json_payload_encryption\target\classes started by Rasťo in C:\Users\Rasťo\Desktop\spring_json_payload_encryption)
2022-08-24 21:07:10.443 [main] INFO  jsonEncryption.JsonPayloadEncryptDecryptApplication - No active profile set, falling back to 1 default profile: "default"
2022-08-24 21:07:11.136 [main] INFO  org.springframework.boot.web.embedded.tomcat.TomcatWebServer - Tomcat initialized with port(s): 8080 (http)
2022-08-24 21:07:11.149 [main] INFO  org.apache.coyote.http11.Http11NioProtocol - Initializing ProtocolHandler ["http-nio-8080"]
2022-08-24 21:07:11.150 [main] INFO  org.apache.catalina.core.StandardService - Starting service [Tomcat]
2022-08-24 21:07:11.151 [main] INFO  org.apache.catalina.core.StandardEngine - Starting Servlet engine: [Apache Tomcat/9.0.65]
2022-08-24 21:07:11.222 [main] INFO  org.apache.catalina.core.ContainerBase.[Tomcat].[localhost].[/] - Initializing Spring embedded WebApplicationContext
2022-08-24 21:07:11.223 [main] INFO  org.springframework.boot.web.servlet.context.ServletWebServerApplicationContext - Root WebApplicationContext: initialization completed in 745 ms
2022-08-24 21:07:11.450 [main] INFO  org.apache.coyote.http11.Http11NioProtocol - Starting ProtocolHandler ["http-nio-8080"]
2022-08-24 21:07:11.467 [main] INFO  org.springframework.boot.web.embedded.tomcat.TomcatWebServer - Tomcat started on port(s): 8080 (http) with context path ''
2022-08-24 21:07:11.476 [main] INFO  jsonEncryption.JsonPayloadEncryptDecryptApplication - Started JsonPayloadEncryptDecryptApplication in 1.339 seconds (JVM running for 2.057)
2022-08-24 21:11:31.096 [main] INFO  jsonEncryption.JsonPayloadEncryptDecryptApplication - Starting JsonPayloadEncryptDecryptApplication using Java 18.0.2 on Rasto-HomePC with PID 133204 (C:\Users\Rasťo\Desktop\spring_json_payload_encryption\target\classes started by Rasťo in C:\Users\Rasťo\Desktop\spring_json_payload_encryption)
2022-08-24 21:11:31.155 [main] INFO  jsonEncryption.JsonPayloadEncryptDecryptApplication - No active profile set, falling back to 1 default profile: "default"
2022-08-24 21:11:31.901 [main] INFO  org.springframework.boot.web.embedded.tomcat.TomcatWebServer - Tomcat initialized with port(s): 8080 (http)
2022-08-24 21:11:31.913 [main] INFO  org.apache.coyote.http11.Http11NioProtocol - Initializing ProtocolHandler ["http-nio-8080"]
2022-08-24 21:11:31.914 [main] INFO  org.apache.catalina.core.StandardService - Starting service [Tomcat]
2022-08-24 21:11:31.915 [main] INFO  org.apache.catalina.core.StandardEngine - Starting Servlet engine: [Apache Tomcat/9.0.65]
2022-08-24 21:11:31.988 [main] INFO  org.apache.catalina.core.ContainerBase.[Tomcat].[localhost].[/] - Initializing Spring embedded WebApplicationContext
2022-08-24 21:11:31.989 [main] INFO  org.springframework.boot.web.servlet.context.ServletWebServerApplicationContext - Root WebApplicationContext: initialization completed in 798 ms
2022-08-24 21:11:32.226 [main] INFO  org.apache.coyote.http11.Http11NioProtocol - Starting ProtocolHandler ["http-nio-8080"]
2022-08-24 21:11:32.246 [main] INFO  org.springframework.boot.web.embedded.tomcat.TomcatWebServer - Tomcat started on port(s): 8080 (http) with context path ''
2022-08-24 21:11:32.256 [main] INFO  jsonEncryption.JsonPayloadEncryptDecryptApplication - Started JsonPayloadEncryptDecryptApplication in 1.394 seconds (JVM running for 2.113)
2022-08-24 21:15:14.590 [main] INFO  jsonEncryption.JsonPayloadEncryptDecryptApplication - Starting JsonPayloadEncryptDecryptApplication using Java 18.0.2 on Rasto-HomePC with PID 133580 (C:\Users\Rasťo\Desktop\spring_json_payload_encryption\target\classes started by Rasťo in C:\Users\Rasťo\Desktop\spring_json_payload_encryption)
2022-08-24 21:15:14.648 [main] INFO  jsonEncryption.JsonPayloadEncryptDecryptApplication - No active profile set, falling back to 1 default profile: "default"
2022-08-24 21:15:15.355 [main] INFO  org.springframework.boot.web.embedded.tomcat.TomcatWebServer - Tomcat initialized with port(s): 8080 (http)
2022-08-24 21:15:15.370 [main] INFO  org.apache.coyote.http11.Http11NioProtocol - Initializing ProtocolHandler ["http-nio-8080"]
2022-08-24 21:15:15.371 [main] INFO  org.apache.catalina.core.StandardService - Starting service [Tomcat]
2022-08-24 21:15:15.372 [main] INFO  org.apache.catalina.core.StandardEngine - Starting Servlet engine: [Apache Tomcat/9.0.65]
2022-08-24 21:15:15.447 [main] INFO  org.apache.catalina.core.ContainerBase.[Tomcat].[localhost].[/] - Initializing Spring embedded WebApplicationContext
2022-08-24 21:15:15.448 [main] INFO  org.springframework.boot.web.servlet.context.ServletWebServerApplicationContext - Root WebApplicationContext: initialization completed in 766 ms
2022-08-24 21:15:15.688 [main] INFO  org.apache.coyote.http11.Http11NioProtocol - Starting ProtocolHandler ["http-nio-8080"]
2022-08-24 21:15:15.708 [main] INFO  org.springframework.boot.web.embedded.tomcat.TomcatWebServer - Tomcat started on port(s): 8080 (http) with context path ''
2022-08-24 21:15:15.717 [main] INFO  jsonEncryption.JsonPayloadEncryptDecryptApplication - Started JsonPayloadEncryptDecryptApplication in 1.373 seconds (JVM running for 2.079)
2022-08-24 21:16:24.421 [main] INFO  jsonEncryption.JsonPayloadEncryptDecryptApplication - Starting JsonPayloadEncryptDecryptApplication using Java 18.0.2 on Rasto-HomePC with PID 131656 (C:\Users\Rasťo\Desktop\spring_json_payload_encryption\target\classes started by Rasťo in C:\Users\Rasťo\Desktop\spring_json_payload_encryption)
2022-08-24 21:16:24.427 [main] INFO  jsonEncryption.JsonPayloadEncryptDecryptApplication - No active profile set, falling back to 1 default profile: "default"
2022-08-24 21:16:25.142 [main] INFO  org.springframework.boot.web.embedded.tomcat.TomcatWebServer - Tomcat initialized with port(s): 8080 (http)
2022-08-24 21:16:25.160 [main] INFO  org.apache.coyote.http11.Http11NioProtocol - Initializing ProtocolHandler ["http-nio-8080"]
2022-08-24 21:16:25.161 [main] INFO  org.apache.catalina.core.StandardService - Starting service [Tomcat]
2022-08-24 21:16:25.161 [main] INFO  org.apache.catalina.core.StandardEngine - Starting Servlet engine: [Apache Tomcat/9.0.65]
2022-08-24 21:16:25.235 [main] INFO  org.apache.catalina.core.ContainerBase.[Tomcat].[localhost].[/] - Initializing Spring embedded WebApplicationContext
2022-08-24 21:16:25.236 [main] INFO  org.springframework.boot.web.servlet.context.ServletWebServerApplicationContext - Root WebApplicationContext: initialization completed in 778 ms
2022-08-24 21:16:25.466 [main] INFO  org.apache.coyote.http11.Http11NioProtocol - Starting ProtocolHandler ["http-nio-8080"]
2022-08-24 21:16:25.485 [main] INFO  org.springframework.boot.web.embedded.tomcat.TomcatWebServer - Tomcat started on port(s): 8080 (http) with context path ''
2022-08-24 21:16:25.492 [main] INFO  jsonEncryption.JsonPayloadEncryptDecryptApplication - Started JsonPayloadEncryptDecryptApplication in 1.317 seconds (JVM running for 2.035)
2022-08-24 21:16:35.854 [main] INFO  jsonEncryption.JsonPayloadEncryptDecryptApplication - Starting JsonPayloadEncryptDecryptApplication using Java 18.0.2 on Rasto-HomePC with PID 133136 (C:\Users\Rasťo\Desktop\spring_json_payload_encryption\target\classes started by Rasťo in C:\Users\Rasťo\Desktop\spring_json_payload_encryption)
2022-08-24 21:16:35.860 [main] INFO  jsonEncryption.JsonPayloadEncryptDecryptApplication - No active profile set, falling back to 1 default profile: "default"
2022-08-24 21:16:36.593 [main] INFO  org.springframework.boot.web.embedded.tomcat.TomcatWebServer - Tomcat initialized with port(s): 8080 (http)
2022-08-24 21:16:36.608 [main] INFO  org.apache.coyote.http11.Http11NioProtocol - Initializing ProtocolHandler ["http-nio-8080"]
2022-08-24 21:16:36.609 [main] INFO  org.apache.catalina.core.StandardService - Starting service [Tomcat]
2022-08-24 21:16:36.609 [main] INFO  org.apache.catalina.core.StandardEngine - Starting Servlet engine: [Apache Tomcat/9.0.65]
2022-08-24 21:16:36.683 [main] INFO  org.apache.catalina.core.ContainerBase.[Tomcat].[localhost].[/] - Initializing Spring embedded WebApplicationContext
2022-08-24 21:16:36.683 [main] INFO  org.springframework.boot.web.servlet.context.ServletWebServerApplicationContext - Root WebApplicationContext: initialization completed in 795 ms
2022-08-24 21:16:36.920 [main] INFO  org.apache.coyote.http11.Http11NioProtocol - Starting ProtocolHandler ["http-nio-8080"]
2022-08-24 21:16:36.939 [main] INFO  org.springframework.boot.web.embedded.tomcat.TomcatWebServer - Tomcat started on port(s): 8080 (http) with context path ''
2022-08-24 21:16:36.946 [main] INFO  jsonEncryption.JsonPayloadEncryptDecryptApplication - Started JsonPayloadEncryptDecryptApplication in 1.329 seconds (JVM running for 2.039)
2022-08-24 21:16:42.237 [http-nio-8080-exec-1] INFO  org.apache.catalina.core.ContainerBase.[Tomcat].[localhost].[/] - Initializing Spring DispatcherServlet 'dispatcherServlet'
2022-08-24 21:16:42.237 [http-nio-8080-exec-1] INFO  org.springframework.web.servlet.DispatcherServlet - Initializing Servlet 'dispatcherServlet'
2022-08-24 21:16:42.238 [http-nio-8080-exec-1] INFO  org.springframework.web.servlet.DispatcherServlet - Completed initialization in 1 ms
2022-08-24 21:16:52.456 [http-nio-8080-exec-4] INFO  jsonEncryption.Logger - 125411500
2022-08-24 21:16:52.457 [http-nio-8080-exec-4] INFO  jsonEncryption.Logger - 200 OK
2022-08-24 21:16:53.509 [http-nio-8080-exec-5] INFO  jsonEncryption.Logger - 76300600
2022-08-24 21:16:53.509 [http-nio-8080-exec-5] INFO  jsonEncryption.Logger - 200 OK
2022-08-24 21:18:25.838 [main] INFO  jsonEncryption.JsonPayloadEncryptDecryptApplication - Starting JsonPayloadEncryptDecryptApplication using Java 18.0.2 on Rasto-HomePC with PID 130680 (C:\Users\Rasťo\Desktop\spring_json_payload_encryption\target\classes started by Rasťo in C:\Users\Rasťo\Desktop\spring_json_payload_encryption)
2022-08-24 21:18:25.845 [main] INFO  jsonEncryption.JsonPayloadEncryptDecryptApplication - No active profile set, falling back to 1 default profile: "default"
2022-08-24 21:18:26.549 [main] INFO  org.springframework.boot.web.embedded.tomcat.TomcatWebServer - Tomcat initialized with port(s): 8080 (http)
2022-08-24 21:18:26.564 [main] INFO  org.apache.coyote.http11.Http11NioProtocol - Initializing ProtocolHandler ["http-nio-8080"]
2022-08-24 21:18:26.565 [main] INFO  org.apache.catalina.core.StandardService - Starting service [Tomcat]
2022-08-24 21:18:26.565 [main] INFO  org.apache.catalina.core.StandardEngine - Starting Servlet engine: [Apache Tomcat/9.0.65]
2022-08-24 21:18:26.647 [main] INFO  org.apache.catalina.core.ContainerBase.[Tomcat].[localhost].[/] - Initializing Spring embedded WebApplicationContext
2022-08-24 21:18:26.647 [main] INFO  org.springframework.boot.web.servlet.context.ServletWebServerApplicationContext - Root WebApplicationContext: initialization completed in 770 ms
2022-08-24 21:18:26.878 [main] INFO  org.apache.coyote.http11.Http11NioProtocol - Starting ProtocolHandler ["http-nio-8080"]
2022-08-24 21:18:26.895 [main] INFO  org.springframework.boot.web.embedded.tomcat.TomcatWebServer - Tomcat started on port(s): 8080 (http) with context path ''
2022-08-24 21:18:26.904 [main] INFO  jsonEncryption.JsonPayloadEncryptDecryptApplication - Started JsonPayloadEncryptDecryptApplication in 1.31 seconds (JVM running for 2.008)
2022-08-24 21:18:34.803 [http-nio-8080-exec-1] INFO  org.apache.catalina.core.ContainerBase.[Tomcat].[localhost].[/] - Initializing Spring DispatcherServlet 'dispatcherServlet'
2022-08-24 21:18:34.803 [http-nio-8080-exec-1] INFO  org.springframework.web.servlet.DispatcherServlet - Initializing Servlet 'dispatcherServlet'
2022-08-24 21:18:34.804 [http-nio-8080-exec-1] INFO  org.springframework.web.servlet.DispatcherServlet - Completed initialization in 1 ms
2022-08-24 21:18:38.888 [http-nio-8080-exec-2] INFO  jsonEncryption.Logger - 130072900
2022-08-24 21:18:38.889 [http-nio-8080-exec-2] INFO  jsonEncryption.Logger - 200 OK
2022-08-24 21:19:55.884 [main] INFO  jsonEncryption.JsonPayloadEncryptDecryptApplication - Starting JsonPayloadEncryptDecryptApplication using Java 18.0.2 on Rasto-HomePC with PID 136184 (C:\Users\Rasťo\Desktop\spring_json_payload_encryption\target\classes started by Rasťo in C:\Users\Rasťo\Desktop\spring_json_payload_encryption)
2022-08-24 21:19:55.890 [main] INFO  jsonEncryption.JsonPayloadEncryptDecryptApplication - No active profile set, falling back to 1 default profile: "default"
2022-08-24 21:19:56.623 [main] INFO  org.springframework.boot.web.embedded.tomcat.TomcatWebServer - Tomcat initialized with port(s): 8080 (http)
2022-08-24 21:19:56.710 [main] INFO  org.springframework.boot.web.servlet.context.ServletWebServerApplicationContext - Root WebApplicationContext: initialization completed in 785 ms
2022-08-24 21:19:56.963 [main] INFO  org.springframework.boot.web.embedded.tomcat.TomcatWebServer - Tomcat started on port(s): 8080 (http) with context path ''
2022-08-24 21:19:56.972 [main] INFO  jsonEncryption.JsonPayloadEncryptDecryptApplication - Started JsonPayloadEncryptDecryptApplication in 1.346 seconds (JVM running for 2.051)
2022-08-24 21:20:08.001 [main] INFO  jsonEncryption.JsonPayloadEncryptDecryptApplication - Starting JsonPayloadEncryptDecryptApplication using Java 18.0.2 on Rasto-HomePC with PID 136324 (C:\Users\Rasťo\Desktop\spring_json_payload_encryption\target\classes started by Rasťo in C:\Users\Rasťo\Desktop\spring_json_payload_encryption)
2022-08-24 21:20:08.058 [main] INFO  jsonEncryption.JsonPayloadEncryptDecryptApplication - No active profile set, falling back to 1 default profile: "default"
2022-08-24 21:20:08.783 [main] INFO  org.springframework.boot.web.embedded.tomcat.TomcatWebServer - Tomcat initialized with port(s): 8080 (http)
2022-08-24 21:20:08.798 [main] INFO  org.apache.coyote.http11.Http11NioProtocol - Initializing ProtocolHandler ["http-nio-8080"]
2022-08-24 21:20:08.799 [main] INFO  org.apache.catalina.core.StandardService - Starting service [Tomcat]
2022-08-24 21:20:08.800 [main] INFO  org.apache.catalina.core.StandardEngine - Starting Servlet engine: [Apache Tomcat/9.0.65]
2022-08-24 21:20:08.872 [main] INFO  org.apache.catalina.core.ContainerBase.[Tomcat].[localhost].[/] - Initializing Spring embedded WebApplicationContext
2022-08-24 21:20:08.873 [main] INFO  org.springframework.boot.web.servlet.context.ServletWebServerApplicationContext - Root WebApplicationContext: initialization completed in 781 ms
2022-08-24 21:20:09.117 [main] INFO  org.apache.coyote.http11.Http11NioProtocol - Starting ProtocolHandler ["http-nio-8080"]
2022-08-24 21:20:09.137 [main] INFO  org.springframework.boot.web.embedded.tomcat.TomcatWebServer - Tomcat started on port(s): 8080 (http) with context path ''
2022-08-24 21:20:09.147 [main] INFO  jsonEncryption.JsonPayloadEncryptDecryptApplication - Started JsonPayloadEncryptDecryptApplication in 1.395 seconds (JVM running for 2.099)
2022-08-24 21:20:15.633 [main] INFO  jsonEncryption.JsonPayloadEncryptDecryptApplication - Starting JsonPayloadEncryptDecryptApplication using Java 18.0.2 on Rasto-HomePC with PID 134176 (C:\Users\Rasťo\Desktop\spring_json_payload_encryption\target\classes started by Rasťo in C:\Users\Rasťo\Desktop\spring_json_payload_encryption)
2022-08-24 21:20:15.690 [main] INFO  jsonEncryption.JsonPayloadEncryptDecryptApplication - No active profile set, falling back to 1 default profile: "default"
2022-08-24 21:20:16.423 [main] INFO  org.springframework.boot.web.embedded.tomcat.TomcatWebServer - Tomcat initialized with port(s): 8080 (http)
2022-08-24 21:20:16.437 [main] INFO  org.apache.coyote.http11.Http11NioProtocol - Initializing ProtocolHandler ["http-nio-8080"]
2022-08-24 21:20:16.438 [main] INFO  org.apache.catalina.core.StandardService - Starting service [Tomcat]
2022-08-24 21:20:16.438 [main] INFO  org.apache.catalina.core.StandardEngine - Starting Servlet engine: [Apache Tomcat/9.0.65]
2022-08-24 21:20:16.510 [main] INFO  org.apache.catalina.core.ContainerBase.[Tomcat].[localhost].[/] - Initializing Spring embedded WebApplicationContext
2022-08-24 21:20:16.511 [main] INFO  org.springframework.boot.web.servlet.context.ServletWebServerApplicationContext - Root WebApplicationContext: initialization completed in 786 ms
2022-08-24 21:20:16.738 [main] INFO  org.apache.coyote.http11.Http11NioProtocol - Starting ProtocolHandler ["http-nio-8080"]
2022-08-24 21:20:16.758 [main] INFO  org.springframework.boot.web.embedded.tomcat.TomcatWebServer - Tomcat started on port(s): 8080 (http) with context path ''
2022-08-24 21:20:16.769 [main] INFO  jsonEncryption.JsonPayloadEncryptDecryptApplication - Started JsonPayloadEncryptDecryptApplication in 1.381 seconds (JVM running for 2.1)
2022-08-24 21:20:24.019 [http-nio-8080-exec-1] INFO  org.apache.catalina.core.ContainerBase.[Tomcat].[localhost].[/] - Initializing Spring DispatcherServlet 'dispatcherServlet'
2022-08-24 21:20:24.020 [http-nio-8080-exec-1] INFO  org.springframework.web.servlet.DispatcherServlet - Initializing Servlet 'dispatcherServlet'
2022-08-24 21:20:24.021 [http-nio-8080-exec-1] INFO  org.springframework.web.servlet.DispatcherServlet - Completed initialization in 0 ms
2022-08-24 21:20:26.241 [http-nio-8080-exec-2] INFO  jsonEncryption.Logger - 144919900
2022-08-24 21:20:26.242 [http-nio-8080-exec-2] INFO  jsonEncryption.Logger - 200 OK
2022-08-24 21:20:27.293 [http-nio-8080-exec-3] INFO  jsonEncryption.Logger - 70568000
2022-08-24 21:20:27.293 [http-nio-8080-exec-3] INFO  jsonEncryption.Logger - 200 OK
2022-08-24 21:23:01.618 [main] INFO  jsonEncryption.JsonPayloadEncryptDecryptApplication - Starting JsonPayloadEncryptDecryptApplication using Java 18.0.2 on Rasto-HomePC with PID 136508 (C:\Users\Rasťo\Desktop\spring_json_payload_encryption\target\classes started by Rasťo in C:\Users\Rasťo\Desktop\spring_json_payload_encryption)
2022-08-24 21:23:01.674 [main] INFO  jsonEncryption.JsonPayloadEncryptDecryptApplication - No active profile set, falling back to 1 default profile: "default"
2022-08-24 21:23:02.401 [main] INFO  org.springframework.boot.web.embedded.tomcat.TomcatWebServer - Tomcat initialized with port(s): 8080 (http)
2022-08-24 21:23:02.415 [main] INFO  org.apache.coyote.http11.Http11NioProtocol - Initializing ProtocolHandler ["http-nio-8080"]
2022-08-24 21:23:02.417 [main] INFO  org.apache.catalina.core.StandardService - Starting service [Tomcat]
2022-08-24 21:23:02.417 [main] INFO  org.apache.catalina.core.StandardEngine - Starting Servlet engine: [Apache Tomcat/9.0.65]
2022-08-24 21:23:02.487 [main] INFO  org.apache.catalina.core.ContainerBase.[Tomcat].[localhost].[/] - Initializing Spring embedded WebApplicationContext
2022-08-24 21:23:02.488 [main] INFO  org.springframework.boot.web.servlet.context.ServletWebServerApplicationContext - Root WebApplicationContext: initialization completed in 775 ms
2022-08-24 21:23:02.727 [main] INFO  org.apache.coyote.http11.Http11NioProtocol - Starting ProtocolHandler ["http-nio-8080"]
2022-08-24 21:23:02.745 [main] INFO  org.springframework.boot.web.embedded.tomcat.TomcatWebServer - Tomcat started on port(s): 8080 (http) with context path ''
2022-08-24 21:23:02.754 [main] INFO  jsonEncryption.JsonPayloadEncryptDecryptApplication - Started JsonPayloadEncryptDecryptApplication in 1.385 seconds (JVM running for 2.072)
2022-08-24 21:23:08.902 [http-nio-8080-exec-1] INFO  org.apache.catalina.core.ContainerBase.[Tomcat].[localhost].[/] - Initializing Spring DispatcherServlet 'dispatcherServlet'
2022-08-24 21:23:08.903 [http-nio-8080-exec-1] INFO  org.springframework.web.servlet.DispatcherServlet - Initializing Servlet 'dispatcherServlet'
2022-08-24 21:23:08.903 [http-nio-8080-exec-1] INFO  org.springframework.web.servlet.DispatcherServlet - Completed initialization in 0 ms
2022-08-24 21:23:14.526 [http-nio-8080-exec-2] INFO  jsonEncryption.Logger - 113827700
2022-08-24 21:23:14.527 [http-nio-8080-exec-2] INFO  jsonEncryption.Logger - 200 OK
2022-08-24 21:23:17.321 [http-nio-8080-exec-3] INFO  jsonEncryption.Logger - 71325100
2022-08-24 21:23:17.322 [http-nio-8080-exec-3] INFO  jsonEncryption.Logger - 200 OK
2022-08-24 21:27:36.000 [main] INFO  jsonEncryption.JsonPayloadEncryptDecryptApplication - Starting JsonPayloadEncryptDecryptApplication using Java 18.0.2 on Rasto-HomePC with PID 138484 (C:\Users\Rasťo\Desktop\spring_json_payload_encryption\target\classes started by Rasťo in C:\Users\Rasťo\Desktop\spring_json_payload_encryption)
2022-08-24 21:27:36.058 [main] INFO  jsonEncryption.JsonPayloadEncryptDecryptApplication - No active profile set, falling back to 1 default profile: "default"
2022-08-24 21:27:36.770 [main] INFO  org.springframework.boot.web.embedded.tomcat.TomcatWebServer - Tomcat initialized with port(s): 8080 (http)
2022-08-24 21:27:36.784 [main] INFO  org.apache.coyote.http11.Http11NioProtocol - Initializing ProtocolHandler ["http-nio-8080"]
2022-08-24 21:27:36.786 [main] INFO  org.apache.catalina.core.StandardService - Starting service [Tomcat]
2022-08-24 21:27:36.786 [main] INFO  org.apache.catalina.core.StandardEngine - Starting Servlet engine: [Apache Tomcat/9.0.65]
2022-08-24 21:27:36.870 [main] INFO  org.apache.catalina.core.ContainerBase.[Tomcat].[localhost].[/] - Initializing Spring embedded WebApplicationContext
2022-08-24 21:27:36.870 [main] INFO  org.springframework.boot.web.servlet.context.ServletWebServerApplicationContext - Root WebApplicationContext: initialization completed in 774 ms
2022-08-24 21:27:37.103 [main] INFO  org.apache.coyote.http11.Http11NioProtocol - Starting ProtocolHandler ["http-nio-8080"]
2022-08-24 21:27:37.123 [main] INFO  org.springframework.boot.web.embedded.tomcat.TomcatWebServer - Tomcat started on port(s): 8080 (http) with context path ''
2022-08-24 21:27:37.130 [main] INFO  jsonEncryption.JsonPayloadEncryptDecryptApplication - Started JsonPayloadEncryptDecryptApplication in 1.375 seconds (JVM running for 2.077)
2022-08-24 21:27:42.327 [http-nio-8080-exec-1] INFO  org.apache.catalina.core.ContainerBase.[Tomcat].[localhost].[/] - Initializing Spring DispatcherServlet 'dispatcherServlet'
2022-08-24 21:27:42.327 [http-nio-8080-exec-1] INFO  org.springframework.web.servlet.DispatcherServlet - Initializing Servlet 'dispatcherServlet'
2022-08-24 21:27:42.329 [http-nio-8080-exec-1] INFO  org.springframework.web.servlet.DispatcherServlet - Completed initialization in 1 ms
2022-08-24 21:27:45.758 [http-nio-8080-exec-2] INFO  jsonEncryption.Logger - 119141500
2022-08-24 21:27:45.758 [http-nio-8080-exec-2] INFO  jsonEncryption.Logger - 500
2022-08-24 21:27:45.761 [http-nio-8080-exec-2] INFO  jsonEncryption.Logger - This is JDBC message #500 at INFO level.
2022-08-24 21:27:45.762 [http-nio-8080-exec-2] INFO  jsonEncryption.Logger - 200 OK
2022-08-24 21:30:26.516 [main] INFO  jsonEncryption.JsonPayloadEncryptDecryptApplication - Starting JsonPayloadEncryptDecryptApplication using Java 18.0.2 on Rasto-HomePC with PID 137636 (C:\Users\Rasťo\Desktop\spring_json_payload_encryption\target\classes started by Rasťo in C:\Users\Rasťo\Desktop\spring_json_payload_encryption)
2022-08-24 21:30:26.572 [main] INFO  jsonEncryption.JsonPayloadEncryptDecryptApplication - No active profile set, falling back to 1 default profile: "default"
2022-08-24 21:30:27.292 [main] INFO  org.springframework.boot.web.embedded.tomcat.TomcatWebServer - Tomcat initialized with port(s): 8080 (http)
2022-08-24 21:30:27.308 [main] INFO  org.apache.coyote.http11.Http11NioProtocol - Initializing ProtocolHandler ["http-nio-8080"]
2022-08-24 21:30:27.308 [main] INFO  org.apache.catalina.core.StandardService - Starting service [Tomcat]
2022-08-24 21:30:27.309 [main] INFO  org.apache.catalina.core.StandardEngine - Starting Servlet engine: [Apache Tomcat/9.0.65]
2022-08-24 21:30:27.382 [main] INFO  org.apache.catalina.core.ContainerBase.[Tomcat].[localhost].[/] - Initializing Spring embedded WebApplicationContext
2022-08-24 21:30:27.383 [main] INFO  org.springframework.boot.web.servlet.context.ServletWebServerApplicationContext - Root WebApplicationContext: initialization completed in 774 ms
2022-08-24 21:30:27.617 [main] INFO  org.apache.coyote.http11.Http11NioProtocol - Starting ProtocolHandler ["http-nio-8080"]
2022-08-24 21:30:27.636 [main] INFO  org.springframework.boot.web.embedded.tomcat.TomcatWebServer - Tomcat started on port(s): 8080 (http) with context path ''
2022-08-24 21:30:27.645 [main] INFO  jsonEncryption.JsonPayloadEncryptDecryptApplication - Started JsonPayloadEncryptDecryptApplication in 1.378 seconds (JVM running for 2.073)
2022-08-24 21:30:41.106 [http-nio-8080-exec-1] INFO  org.apache.catalina.core.ContainerBase.[Tomcat].[localhost].[/] - Initializing Spring DispatcherServlet 'dispatcherServlet'
2022-08-24 21:30:41.106 [http-nio-8080-exec-1] INFO  org.springframework.web.servlet.DispatcherServlet - Initializing Servlet 'dispatcherServlet'
2022-08-24 21:30:41.107 [http-nio-8080-exec-1] INFO  org.springframework.web.servlet.DispatcherServlet - Completed initialization in 1 ms
2022-08-24 21:30:44.429 [http-nio-8080-exec-2] INFO  jsonEncryption.Logger - 133521600
2022-08-24 21:30:44.430 [http-nio-8080-exec-2] INFO  jsonEncryption.Logger - 500
2022-08-24 21:30:44.432 [http-nio-8080-exec-2] INFO  jsonEncryption.Logger - 1
2022-08-24 21:30:44.433 [http-nio-8080-exec-2] INFO  jsonEncryption.Logger - 200 OK
