2022-08-26 19:15:43.996 [main] INFO  jsonEncryption.JsonPayloadEncryptDecryptApplication - Starting JsonPayloadEncryptDecryptApplication using Java 18.0.2.1 on Rasto-HomePC with PID 15824 (C:\Users\Rasťo\Desktop\spring_json_payload_encryption\target\classes started by Rasťo in C:\Users\Rasťo\Desktop\spring_json_payload_encryption)
2022-08-26 19:15:44.062 [main] INFO  jsonEncryption.JsonPayloadEncryptDecryptApplication - No active profile set, falling back to 1 default profile: "default"
2022-08-26 19:15:44.824 [main] INFO  org.springframework.boot.web.embedded.tomcat.TomcatWebServer - Tomcat initialized with port(s): 8080 (http)
2022-08-26 19:15:44.840 [main] INFO  org.apache.coyote.http11.Http11NioProtocol - Initializing ProtocolHandler ["http-nio-8080"]
2022-08-26 19:15:44.841 [main] INFO  org.apache.catalina.core.StandardService - Starting service [Tomcat]
2022-08-26 19:15:44.841 [main] INFO  org.apache.catalina.core.StandardEngine - Starting Servlet engine: [Apache Tomcat/9.0.65]
2022-08-26 19:15:44.913 [main] INFO  org.apache.catalina.core.ContainerBase.[Tomcat].[localhost].[/] - Initializing Spring embedded WebApplicationContext
2022-08-26 19:15:44.913 [main] INFO  org.springframework.boot.web.servlet.context.ServletWebServerApplicationContext - Root WebApplicationContext: initialization completed in 810 ms
2022-08-26 19:15:45.147 [main] INFO  org.apache.coyote.http11.Http11NioProtocol - Starting ProtocolHandler ["http-nio-8080"]
2022-08-26 19:15:45.165 [main] INFO  org.springframework.boot.web.embedded.tomcat.TomcatWebServer - Tomcat started on port(s): 8080 (http) with context path ''
2022-08-26 19:15:45.173 [main] INFO  jsonEncryption.JsonPayloadEncryptDecryptApplication - Started JsonPayloadEncryptDecryptApplication in 1.455 seconds (JVM running for 2.201)
2022-08-26 19:16:22.042 [main] INFO  jsonEncryption.JsonPayloadEncryptDecryptApplication - Starting JsonPayloadEncryptDecryptApplication using Java 18.0.2.1 on Rasto-HomePC with PID 24620 (C:\Users\Rasťo\Desktop\spring_json_payload_encryption\target\classes started by Rasťo in C:\Users\Rasťo\Desktop\spring_json_payload_encryption)
2022-08-26 19:16:22.102 [main] INFO  jsonEncryption.JsonPayloadEncryptDecryptApplication - No active profile set, falling back to 1 default profile: "default"
2022-08-26 19:16:22.825 [main] INFO  org.springframework.boot.web.embedded.tomcat.TomcatWebServer - Tomcat initialized with port(s): 8080 (http)
2022-08-26 19:16:22.837 [main] INFO  org.apache.coyote.http11.Http11NioProtocol - Initializing ProtocolHandler ["http-nio-8080"]
2022-08-26 19:16:22.838 [main] INFO  org.apache.catalina.core.StandardService - Starting service [Tomcat]
2022-08-26 19:16:22.839 [main] INFO  org.apache.catalina.core.StandardEngine - Starting Servlet engine: [Apache Tomcat/9.0.65]
2022-08-26 19:16:22.905 [main] INFO  org.apache.catalina.core.ContainerBase.[Tomcat].[localhost].[/] - Initializing Spring embedded WebApplicationContext
2022-08-26 19:16:22.905 [main] INFO  org.springframework.boot.web.servlet.context.ServletWebServerApplicationContext - Root WebApplicationContext: initialization completed in 769 ms
2022-08-26 19:16:23.126 [main] INFO  org.apache.coyote.http11.Http11NioProtocol - Starting ProtocolHandler ["http-nio-8080"]
2022-08-26 19:16:23.147 [main] INFO  org.springframework.boot.web.embedded.tomcat.TomcatWebServer - Tomcat started on port(s): 8080 (http) with context path ''
2022-08-26 19:16:23.155 [main] INFO  jsonEncryption.JsonPayloadEncryptDecryptApplication - Started JsonPayloadEncryptDecryptApplication in 1.348 seconds (JVM running for 2.013)
2022-08-26 19:20:13.077 [main] INFO  jsonEncryption.JsonPayloadEncryptDecryptApplication - Starting JsonPayloadEncryptDecryptApplication using Java 18.0.2.1 on Rasto-HomePC with PID 19792 (C:\Users\Rasťo\Desktop\spring_json_payload_encryption\target\classes started by Rasťo in C:\Users\Rasťo\Desktop\spring_json_payload_encryption)
2022-08-26 19:20:13.134 [main] INFO  jsonEncryption.JsonPayloadEncryptDecryptApplication - No active profile set, falling back to 1 default profile: "default"
2022-08-26 19:20:13.891 [main] INFO  org.springframework.boot.web.embedded.tomcat.TomcatWebServer - Tomcat initialized with port(s): 8080 (http)
2022-08-26 19:20:13.904 [main] INFO  org.apache.coyote.http11.Http11NioProtocol - Initializing ProtocolHandler ["http-nio-8080"]
2022-08-26 19:20:13.905 [main] INFO  org.apache.catalina.core.StandardService - Starting service [Tomcat]
2022-08-26 19:20:13.906 [main] INFO  org.apache.catalina.core.StandardEngine - Starting Servlet engine: [Apache Tomcat/9.0.65]
2022-08-26 19:20:13.973 [main] INFO  org.apache.catalina.core.ContainerBase.[Tomcat].[localhost].[/] - Initializing Spring embedded WebApplicationContext
2022-08-26 19:20:13.973 [main] INFO  org.springframework.boot.web.servlet.context.ServletWebServerApplicationContext - Root WebApplicationContext: initialization completed in 801 ms
2022-08-26 19:20:14.209 [main] INFO  org.apache.coyote.http11.Http11NioProtocol - Starting ProtocolHandler ["http-nio-8080"]
2022-08-26 19:20:14.225 [main] INFO  org.springframework.boot.web.embedded.tomcat.TomcatWebServer - Tomcat started on port(s): 8080 (http) with context path ''
2022-08-26 19:20:14.234 [main] INFO  jsonEncryption.JsonPayloadEncryptDecryptApplication - Started JsonPayloadEncryptDecryptApplication in 1.416 seconds (JVM running for 2.095)
2022-08-26 19:21:30.141 [main] INFO  jsonEncryption.JsonPayloadEncryptDecryptApplication - Starting JsonPayloadEncryptDecryptApplication using Java 18.0.2.1 on Rasto-HomePC with PID 4768 (C:\Users\Rasťo\Desktop\spring_json_payload_encryption\target\classes started by Rasťo in C:\Users\Rasťo\Desktop\spring_json_payload_encryption)
2022-08-26 19:21:30.198 [main] INFO  jsonEncryption.JsonPayloadEncryptDecryptApplication - No active profile set, falling back to 1 default profile: "default"
2022-08-26 19:21:30.894 [main] INFO  org.springframework.boot.web.embedded.tomcat.TomcatWebServer - Tomcat initialized with port(s): 8080 (http)
2022-08-26 19:21:30.906 [main] INFO  org.apache.coyote.http11.Http11NioProtocol - Initializing ProtocolHandler ["http-nio-8080"]
2022-08-26 19:21:30.907 [main] INFO  org.apache.catalina.core.StandardService - Starting service [Tomcat]
2022-08-26 19:21:30.907 [main] INFO  org.apache.catalina.core.StandardEngine - Starting Servlet engine: [Apache Tomcat/9.0.65]
2022-08-26 19:21:30.978 [main] INFO  org.apache.catalina.core.ContainerBase.[Tomcat].[localhost].[/] - Initializing Spring embedded WebApplicationContext
2022-08-26 19:21:30.979 [main] INFO  org.springframework.boot.web.servlet.context.ServletWebServerApplicationContext - Root WebApplicationContext: initialization completed in 746 ms
2022-08-26 19:21:31.207 [main] INFO  org.apache.coyote.http11.Http11NioProtocol - Starting ProtocolHandler ["http-nio-8080"]
2022-08-26 19:21:31.223 [main] INFO  org.springframework.boot.web.embedded.tomcat.TomcatWebServer - Tomcat started on port(s): 8080 (http) with context path ''
2022-08-26 19:21:31.231 [main] INFO  jsonEncryption.JsonPayloadEncryptDecryptApplication - Started JsonPayloadEncryptDecryptApplication in 1.329 seconds (JVM running for 2.015)
2022-08-26 19:23:06.566 [main] INFO  jsonEncryption.JsonPayloadEncryptDecryptApplication - Starting JsonPayloadEncryptDecryptApplication using Java 18.0.2.1 on Rasto-HomePC with PID 2056 (C:\Users\Rasťo\Desktop\spring_json_payload_encryption\target\classes started by Rasťo in C:\Users\Rasťo\Desktop\spring_json_payload_encryption)
2022-08-26 19:23:06.621 [main] INFO  jsonEncryption.JsonPayloadEncryptDecryptApplication - No active profile set, falling back to 1 default profile: "default"
2022-08-26 19:23:07.296 [main] INFO  org.springframework.boot.web.embedded.tomcat.TomcatWebServer - Tomcat initialized with port(s): 8080 (http)
2022-08-26 19:23:07.309 [main] INFO  org.apache.coyote.http11.Http11NioProtocol - Initializing ProtocolHandler ["http-nio-8080"]
2022-08-26 19:23:07.310 [main] INFO  org.apache.catalina.core.StandardService - Starting service [Tomcat]
2022-08-26 19:23:07.310 [main] INFO  org.apache.catalina.core.StandardEngine - Starting Servlet engine: [Apache Tomcat/9.0.65]
2022-08-26 19:23:07.377 [main] INFO  org.apache.catalina.core.ContainerBase.[Tomcat].[localhost].[/] - Initializing Spring embedded WebApplicationContext
2022-08-26 19:23:07.378 [main] INFO  org.springframework.boot.web.servlet.context.ServletWebServerApplicationContext - Root WebApplicationContext: initialization completed in 722 ms
2022-08-26 19:23:07.595 [main] INFO  org.apache.coyote.http11.Http11NioProtocol - Starting ProtocolHandler ["http-nio-8080"]
2022-08-26 19:23:07.610 [main] INFO  org.springframework.boot.web.embedded.tomcat.TomcatWebServer - Tomcat started on port(s): 8080 (http) with context path ''
2022-08-26 19:23:07.617 [main] INFO  jsonEncryption.JsonPayloadEncryptDecryptApplication - Started JsonPayloadEncryptDecryptApplication in 1.305 seconds (JVM running for 1.971)
2022-08-26 19:26:34.313 [main] INFO  jsonEncryption.JsonPayloadEncryptDecryptApplication - Starting JsonPayloadEncryptDecryptApplication using Java 18.0.2.1 on Rasto-HomePC with PID 19172 (C:\Users\Rasťo\Desktop\spring_json_payload_encryption\target\classes started by Rasťo in C:\Users\Rasťo\Desktop\spring_json_payload_encryption)
2022-08-26 19:26:34.375 [main] INFO  jsonEncryption.JsonPayloadEncryptDecryptApplication - No active profile set, falling back to 1 default profile: "default"
2022-08-26 19:26:35.116 [main] INFO  org.springframework.boot.web.embedded.tomcat.TomcatWebServer - Tomcat initialized with port(s): 8080 (http)
2022-08-26 19:26:35.129 [main] INFO  org.apache.coyote.http11.Http11NioProtocol - Initializing ProtocolHandler ["http-nio-8080"]
2022-08-26 19:26:35.130 [main] INFO  org.apache.catalina.core.StandardService - Starting service [Tomcat]
2022-08-26 19:26:35.130 [main] INFO  org.apache.catalina.core.StandardEngine - Starting Servlet engine: [Apache Tomcat/9.0.65]
2022-08-26 19:26:35.204 [main] INFO  org.apache.catalina.core.ContainerBase.[Tomcat].[localhost].[/] - Initializing Spring embedded WebApplicationContext
2022-08-26 19:26:35.204 [main] INFO  org.springframework.boot.web.servlet.context.ServletWebServerApplicationContext - Root WebApplicationContext: initialization completed in 794 ms
2022-08-26 19:26:35.433 [main] INFO  org.apache.coyote.http11.Http11NioProtocol - Starting ProtocolHandler ["http-nio-8080"]
2022-08-26 19:26:35.448 [main] INFO  org.springframework.boot.web.embedded.tomcat.TomcatWebServer - Tomcat started on port(s): 8080 (http) with context path ''
2022-08-26 19:26:35.458 [main] INFO  jsonEncryption.JsonPayloadEncryptDecryptApplication - Started JsonPayloadEncryptDecryptApplication in 1.392 seconds (JVM running for 2.067)
2022-08-26 19:27:41.888 [main] INFO  jsonEncryption.JsonPayloadEncryptDecryptApplication - Starting JsonPayloadEncryptDecryptApplication using Java 18.0.2.1 on Rasto-HomePC with PID 9036 (C:\Users\Rasťo\Desktop\spring_json_payload_encryption\target\classes started by Rasťo in C:\Users\Rasťo\Desktop\spring_json_payload_encryption)
2022-08-26 19:27:41.945 [main] INFO  jsonEncryption.JsonPayloadEncryptDecryptApplication - No active profile set, falling back to 1 default profile: "default"
2022-08-26 19:27:42.669 [main] INFO  org.springframework.boot.web.embedded.tomcat.TomcatWebServer - Tomcat initialized with port(s): 8080 (http)
2022-08-26 19:27:42.683 [main] INFO  org.apache.coyote.http11.Http11NioProtocol - Initializing ProtocolHandler ["http-nio-8080"]
2022-08-26 19:27:42.683 [main] INFO  org.apache.catalina.core.StandardService - Starting service [Tomcat]
2022-08-26 19:27:42.684 [main] INFO  org.apache.catalina.core.StandardEngine - Starting Servlet engine: [Apache Tomcat/9.0.65]
2022-08-26 19:27:42.756 [main] INFO  org.apache.catalina.core.ContainerBase.[Tomcat].[localhost].[/] - Initializing Spring embedded WebApplicationContext
2022-08-26 19:27:42.756 [main] INFO  org.springframework.boot.web.servlet.context.ServletWebServerApplicationContext - Root WebApplicationContext: initialization completed in 775 ms
2022-08-26 19:27:42.984 [main] INFO  org.apache.coyote.http11.Http11NioProtocol - Starting ProtocolHandler ["http-nio-8080"]
2022-08-26 19:27:43.001 [main] INFO  org.springframework.boot.web.embedded.tomcat.TomcatWebServer - Tomcat started on port(s): 8080 (http) with context path ''
2022-08-26 19:27:43.009 [main] INFO  jsonEncryption.JsonPayloadEncryptDecryptApplication - Started JsonPayloadEncryptDecryptApplication in 1.359 seconds (JVM running for 2.029)
2022-08-26 19:27:59.961 [main] INFO  jsonEncryption.JsonPayloadEncryptDecryptApplication - Starting JsonPayloadEncryptDecryptApplication using Java 18.0.2.1 on Rasto-HomePC with PID 24596 (C:\Users\Rasťo\Desktop\spring_json_payload_encryption\target\classes started by Rasťo in C:\Users\Rasťo\Desktop\spring_json_payload_encryption)
2022-08-26 19:28:00.022 [main] INFO  jsonEncryption.JsonPayloadEncryptDecryptApplication - No active profile set, falling back to 1 default profile: "default"
2022-08-26 19:28:00.736 [main] INFO  org.springframework.boot.web.embedded.tomcat.TomcatWebServer - Tomcat initialized with port(s): 8080 (http)
2022-08-26 19:28:00.750 [main] INFO  org.apache.coyote.http11.Http11NioProtocol - Initializing ProtocolHandler ["http-nio-8080"]
2022-08-26 19:28:00.751 [main] INFO  org.apache.catalina.core.StandardService - Starting service [Tomcat]
2022-08-26 19:28:00.751 [main] INFO  org.apache.catalina.core.StandardEngine - Starting Servlet engine: [Apache Tomcat/9.0.65]
2022-08-26 19:28:00.832 [main] INFO  org.apache.catalina.core.ContainerBase.[Tomcat].[localhost].[/] - Initializing Spring embedded WebApplicationContext
2022-08-26 19:28:00.832 [main] INFO  org.springframework.boot.web.servlet.context.ServletWebServerApplicationContext - Root WebApplicationContext: initialization completed in 773 ms
2022-08-26 19:28:01.070 [main] INFO  org.apache.coyote.http11.Http11NioProtocol - Starting ProtocolHandler ["http-nio-8080"]
2022-08-26 19:28:01.089 [main] INFO  org.springframework.boot.web.embedded.tomcat.TomcatWebServer - Tomcat started on port(s): 8080 (http) with context path ''
2022-08-26 19:28:01.098 [main] INFO  jsonEncryption.JsonPayloadEncryptDecryptApplication - Started JsonPayloadEncryptDecryptApplication in 1.376 seconds (JVM running for 2.068)
2022-08-26 19:30:37.922 [main] INFO  jsonEncryption.JsonPayloadEncryptDecryptApplication - Starting JsonPayloadEncryptDecryptApplication using Java 18.0.2.1 on Rasto-HomePC with PID 7652 (C:\Users\Rasťo\Desktop\spring_json_payload_encryption\target\classes started by Rasťo in C:\Users\Rasťo\Desktop\spring_json_payload_encryption)
2022-08-26 19:30:37.978 [main] INFO  jsonEncryption.JsonPayloadEncryptDecryptApplication - No active profile set, falling back to 1 default profile: "default"
2022-08-26 19:30:38.708 [main] INFO  org.springframework.boot.web.embedded.tomcat.TomcatWebServer - Tomcat initialized with port(s): 8080 (http)
2022-08-26 19:30:38.721 [main] INFO  org.apache.coyote.http11.Http11NioProtocol - Initializing ProtocolHandler ["http-nio-8080"]
2022-08-26 19:30:38.722 [main] INFO  org.apache.catalina.core.StandardService - Starting service [Tomcat]
2022-08-26 19:30:38.723 [main] INFO  org.apache.catalina.core.StandardEngine - Starting Servlet engine: [Apache Tomcat/9.0.65]
2022-08-26 19:30:38.792 [main] INFO  org.apache.catalina.core.ContainerBase.[Tomcat].[localhost].[/] - Initializing Spring embedded WebApplicationContext
2022-08-26 19:30:38.792 [main] INFO  org.springframework.boot.web.servlet.context.ServletWebServerApplicationContext - Root WebApplicationContext: initialization completed in 777 ms
2022-08-26 19:30:39.024 [main] INFO  org.apache.coyote.http11.Http11NioProtocol - Starting ProtocolHandler ["http-nio-8080"]
2022-08-26 19:30:39.041 [main] INFO  org.springframework.boot.web.embedded.tomcat.TomcatWebServer - Tomcat started on port(s): 8080 (http) with context path ''
2022-08-26 19:30:39.049 [main] INFO  jsonEncryption.JsonPayloadEncryptDecryptApplication - Started JsonPayloadEncryptDecryptApplication in 1.363 seconds (JVM running for 2.045)
2022-08-26 19:32:41.793 [main] INFO  jsonEncryption.JsonPayloadEncryptDecryptApplication - Starting JsonPayloadEncryptDecryptApplication using Java 18.0.2.1 on Rasto-HomePC with PID 3260 (C:\Users\Rasťo\Desktop\spring_json_payload_encryption\target\classes started by Rasťo in C:\Users\Rasťo\Desktop\spring_json_payload_encryption)
2022-08-26 19:32:41.857 [main] INFO  jsonEncryption.JsonPayloadEncryptDecryptApplication - No active profile set, falling back to 1 default profile: "default"
2022-08-26 19:32:42.568 [main] INFO  org.springframework.boot.web.embedded.tomcat.TomcatWebServer - Tomcat initialized with port(s): 8080 (http)
2022-08-26 19:32:42.581 [main] INFO  org.apache.coyote.http11.Http11NioProtocol - Initializing ProtocolHandler ["http-nio-8080"]
2022-08-26 19:32:42.582 [main] INFO  org.apache.catalina.core.StandardService - Starting service [Tomcat]
2022-08-26 19:32:42.582 [main] INFO  org.apache.catalina.core.StandardEngine - Starting Servlet engine: [Apache Tomcat/9.0.65]
2022-08-26 19:32:42.651 [main] INFO  org.apache.catalina.core.ContainerBase.[Tomcat].[localhost].[/] - Initializing Spring embedded WebApplicationContext
2022-08-26 19:32:42.652 [main] INFO  org.springframework.boot.web.servlet.context.ServletWebServerApplicationContext - Root WebApplicationContext: initialization completed in 759 ms
2022-08-26 19:32:42.880 [main] INFO  org.apache.coyote.http11.Http11NioProtocol - Starting ProtocolHandler ["http-nio-8080"]
2022-08-26 19:32:42.896 [main] INFO  org.springframework.boot.web.embedded.tomcat.TomcatWebServer - Tomcat started on port(s): 8080 (http) with context path ''
2022-08-26 19:32:42.906 [main] INFO  jsonEncryption.JsonPayloadEncryptDecryptApplication - Started JsonPayloadEncryptDecryptApplication in 1.359 seconds (JVM running for 2.037)
2022-08-26 19:46:48.441 [main] INFO  jsonEncryption.JsonPayloadEncryptDecryptApplication - Starting JsonPayloadEncryptDecryptApplication using Java 18.0.2.1 on Rasto-HomePC with PID 1268 (C:\Users\Rasťo\Desktop\spring_json_payload_encryption\target\classes started by Rasťo in C:\Users\Rasťo\Desktop\spring_json_payload_encryption)
2022-08-26 19:46:48.502 [main] INFO  jsonEncryption.JsonPayloadEncryptDecryptApplication - No active profile set, falling back to 1 default profile: "default"
2022-08-26 19:46:49.288 [main] INFO  org.springframework.boot.web.embedded.tomcat.TomcatWebServer - Tomcat initialized with port(s): 8080 (http)
2022-08-26 19:46:49.303 [main] INFO  org.apache.coyote.http11.Http11NioProtocol - Initializing ProtocolHandler ["http-nio-8080"]
2022-08-26 19:46:49.304 [main] INFO  org.apache.catalina.core.StandardService - Starting service [Tomcat]
2022-08-26 19:46:49.304 [main] INFO  org.apache.catalina.core.StandardEngine - Starting Servlet engine: [Apache Tomcat/9.0.65]
2022-08-26 19:46:49.384 [main] INFO  org.apache.catalina.core.ContainerBase.[Tomcat].[localhost].[/] - Initializing Spring embedded WebApplicationContext
2022-08-26 19:46:49.384 [main] INFO  org.springframework.boot.web.servlet.context.ServletWebServerApplicationContext - Root WebApplicationContext: initialization completed in 841 ms
2022-08-26 19:46:49.655 [main] INFO  org.apache.coyote.http11.Http11NioProtocol - Starting ProtocolHandler ["http-nio-8080"]
2022-08-26 19:46:49.674 [main] INFO  org.springframework.boot.web.embedded.tomcat.TomcatWebServer - Tomcat started on port(s): 8080 (http) with context path ''
2022-08-26 19:46:49.683 [main] INFO  jsonEncryption.JsonPayloadEncryptDecryptApplication - Started JsonPayloadEncryptDecryptApplication in 1.492 seconds (JVM running for 2.226)
2022-08-26 20:16:39.905 [main] INFO  jsonEncryption.JsonPayloadEncryptDecryptApplication - Starting JsonPayloadEncryptDecryptApplication using Java 18.0.2.1 on Rasto-HomePC with PID 3080 (C:\Users\Rasťo\Desktop\spring_json_payload_encryption\target\classes started by Rasťo in C:\Users\Rasťo\Desktop\spring_json_payload_encryption)
2022-08-26 20:16:39.965 [main] INFO  jsonEncryption.JsonPayloadEncryptDecryptApplication - No active profile set, falling back to 1 default profile: "default"
2022-08-26 20:16:40.652 [main] INFO  org.springframework.boot.web.embedded.tomcat.TomcatWebServer - Tomcat initialized with port(s): 8080 (http)
2022-08-26 20:16:40.665 [main] INFO  org.apache.coyote.http11.Http11NioProtocol - Initializing ProtocolHandler ["http-nio-8080"]
2022-08-26 20:16:40.666 [main] INFO  org.apache.catalina.core.StandardService - Starting service [Tomcat]
2022-08-26 20:16:40.666 [main] INFO  org.apache.catalina.core.StandardEngine - Starting Servlet engine: [Apache Tomcat/9.0.65]
2022-08-26 20:16:40.732 [main] INFO  org.apache.catalina.core.ContainerBase.[Tomcat].[localhost].[/] - Initializing Spring embedded WebApplicationContext
2022-08-26 20:16:40.732 [main] INFO  org.springframework.boot.web.servlet.context.ServletWebServerApplicationContext - Root WebApplicationContext: initialization completed in 730 ms
2022-08-26 20:16:40.949 [main] INFO  org.apache.coyote.http11.Http11NioProtocol - Starting ProtocolHandler ["http-nio-8080"]
2022-08-26 20:16:40.964 [main] INFO  org.springframework.boot.web.embedded.tomcat.TomcatWebServer - Tomcat started on port(s): 8080 (http) with context path ''
2022-08-26 20:16:40.972 [main] INFO  jsonEncryption.JsonPayloadEncryptDecryptApplication - Started JsonPayloadEncryptDecryptApplication in 1.305 seconds (JVM running for 1.995)
2022-08-26 20:20:11.944 [main] INFO  jsonEncryption.JsonPayloadEncryptDecryptApplication - Starting JsonPayloadEncryptDecryptApplication using Java 18.0.2.1 on Rasto-HomePC with PID 6188 (C:\Users\Rasťo\Desktop\spring_json_payload_encryption\target\classes started by Rasťo in C:\Users\Rasťo\Desktop\spring_json_payload_encryption)
2022-08-26 20:20:12.009 [main] INFO  jsonEncryption.JsonPayloadEncryptDecryptApplication - No active profile set, falling back to 1 default profile: "default"
2022-08-26 20:20:12.728 [main] INFO  org.springframework.boot.web.embedded.tomcat.TomcatWebServer - Tomcat initialized with port(s): 8080 (http)
2022-08-26 20:20:12.741 [main] INFO  org.apache.coyote.http11.Http11NioProtocol - Initializing ProtocolHandler ["http-nio-8080"]
2022-08-26 20:20:12.742 [main] INFO  org.apache.catalina.core.StandardService - Starting service [Tomcat]
2022-08-26 20:20:12.742 [main] INFO  org.apache.catalina.core.StandardEngine - Starting Servlet engine: [Apache Tomcat/9.0.65]
2022-08-26 20:20:12.813 [main] INFO  org.apache.catalina.core.ContainerBase.[Tomcat].[localhost].[/] - Initializing Spring embedded WebApplicationContext
2022-08-26 20:20:12.814 [main] INFO  org.springframework.boot.web.servlet.context.ServletWebServerApplicationContext - Root WebApplicationContext: initialization completed in 767 ms
2022-08-26 20:20:13.038 [main] INFO  org.apache.coyote.http11.Http11NioProtocol - Starting ProtocolHandler ["http-nio-8080"]
2022-08-26 20:20:13.054 [main] INFO  org.springframework.boot.web.embedded.tomcat.TomcatWebServer - Tomcat started on port(s): 8080 (http) with context path ''
2022-08-26 20:20:13.062 [main] INFO  jsonEncryption.JsonPayloadEncryptDecryptApplication - Started JsonPayloadEncryptDecryptApplication in 1.372 seconds (JVM running for 2.08)
2022-08-26 20:20:36.812 [main] INFO  jsonEncryption.JsonPayloadEncryptDecryptApplication - Starting JsonPayloadEncryptDecryptApplication using Java 18.0.2.1 on Rasto-HomePC with PID 23752 (C:\Users\Rasťo\Desktop\spring_json_payload_encryption\target\classes started by Rasťo in C:\Users\Rasťo\Desktop\spring_json_payload_encryption)
2022-08-26 20:20:36.865 [main] INFO  jsonEncryption.JsonPayloadEncryptDecryptApplication - No active profile set, falling back to 1 default profile: "default"
2022-08-26 20:20:37.572 [main] INFO  org.springframework.boot.web.embedded.tomcat.TomcatWebServer - Tomcat initialized with port(s): 8080 (http)
2022-08-26 20:20:37.584 [main] INFO  org.apache.coyote.http11.Http11NioProtocol - Initializing ProtocolHandler ["http-nio-8080"]
2022-08-26 20:20:37.585 [main] INFO  org.apache.catalina.core.StandardService - Starting service [Tomcat]
2022-08-26 20:20:37.586 [main] INFO  org.apache.catalina.core.StandardEngine - Starting Servlet engine: [Apache Tomcat/9.0.65]
2022-08-26 20:20:37.653 [main] INFO  org.apache.catalina.core.ContainerBase.[Tomcat].[localhost].[/] - Initializing Spring embedded WebApplicationContext
2022-08-26 20:20:37.653 [main] INFO  org.springframework.boot.web.servlet.context.ServletWebServerApplicationContext - Root WebApplicationContext: initialization completed in 753 ms
2022-08-26 20:20:37.890 [main] INFO  org.apache.coyote.http11.Http11NioProtocol - Starting ProtocolHandler ["http-nio-8080"]
2022-08-26 20:20:37.907 [main] INFO  org.springframework.boot.web.embedded.tomcat.TomcatWebServer - Tomcat started on port(s): 8080 (http) with context path ''
2022-08-26 20:20:37.917 [main] INFO  jsonEncryption.JsonPayloadEncryptDecryptApplication - Started JsonPayloadEncryptDecryptApplication in 1.34 seconds (JVM running for 2.019)
2022-08-26 20:23:14.810 [main] INFO  jsonEncryption.JsonPayloadEncryptDecryptApplication - Starting JsonPayloadEncryptDecryptApplication using Java 18.0.2.1 on Rasto-HomePC with PID 14040 (C:\Users\Rasťo\Desktop\spring_json_payload_encryption\target\classes started by Rasťo in C:\Users\Rasťo\Desktop\spring_json_payload_encryption)
2022-08-26 20:23:14.869 [main] INFO  jsonEncryption.JsonPayloadEncryptDecryptApplication - No active profile set, falling back to 1 default profile: "default"
2022-08-26 20:23:15.578 [main] INFO  org.springframework.boot.web.embedded.tomcat.TomcatWebServer - Tomcat initialized with port(s): 8080 (http)
2022-08-26 20:23:15.592 [main] INFO  org.apache.coyote.http11.Http11NioProtocol - Initializing ProtocolHandler ["http-nio-8080"]
2022-08-26 20:23:15.593 [main] INFO  org.apache.catalina.core.StandardService - Starting service [Tomcat]
2022-08-26 20:23:15.593 [main] INFO  org.apache.catalina.core.StandardEngine - Starting Servlet engine: [Apache Tomcat/9.0.65]
2022-08-26 20:23:15.663 [main] INFO  org.apache.catalina.core.ContainerBase.[Tomcat].[localhost].[/] - Initializing Spring embedded WebApplicationContext
2022-08-26 20:23:15.663 [main] INFO  org.springframework.boot.web.servlet.context.ServletWebServerApplicationContext - Root WebApplicationContext: initialization completed in 761 ms
2022-08-26 20:23:15.910 [main] INFO  org.apache.coyote.http11.Http11NioProtocol - Starting ProtocolHandler ["http-nio-8080"]
2022-08-26 20:23:15.927 [main] INFO  org.springframework.boot.web.embedded.tomcat.TomcatWebServer - Tomcat started on port(s): 8080 (http) with context path ''
2022-08-26 20:23:15.940 [main] INFO  jsonEncryption.JsonPayloadEncryptDecryptApplication - Started JsonPayloadEncryptDecryptApplication in 1.37 seconds (JVM running for 2.052)
2022-08-26 20:23:54.712 [main] INFO  jsonEncryption.JsonPayloadEncryptDecryptApplication - Starting JsonPayloadEncryptDecryptApplication using Java 18.0.2.1 on Rasto-HomePC with PID 4988 (C:\Users\Rasťo\Desktop\spring_json_payload_encryption\target\classes started by Rasťo in C:\Users\Rasťo\Desktop\spring_json_payload_encryption)
2022-08-26 20:23:54.769 [main] INFO  jsonEncryption.JsonPayloadEncryptDecryptApplication - No active profile set, falling back to 1 default profile: "default"
2022-08-26 20:23:55.504 [main] INFO  org.springframework.boot.web.embedded.tomcat.TomcatWebServer - Tomcat initialized with port(s): 8080 (http)
2022-08-26 20:23:55.518 [main] INFO  org.apache.coyote.http11.Http11NioProtocol - Initializing ProtocolHandler ["http-nio-8080"]
2022-08-26 20:23:55.518 [main] INFO  org.apache.catalina.core.StandardService - Starting service [Tomcat]
2022-08-26 20:23:55.519 [main] INFO  org.apache.catalina.core.StandardEngine - Starting Servlet engine: [Apache Tomcat/9.0.65]
2022-08-26 20:23:55.586 [main] INFO  org.apache.catalina.core.ContainerBase.[Tomcat].[localhost].[/] - Initializing Spring embedded WebApplicationContext
2022-08-26 20:23:55.586 [main] INFO  org.springframework.boot.web.servlet.context.ServletWebServerApplicationContext - Root WebApplicationContext: initialization completed in 782 ms
2022-08-26 20:23:55.822 [main] INFO  org.apache.coyote.http11.Http11NioProtocol - Starting ProtocolHandler ["http-nio-8080"]
2022-08-26 20:23:55.841 [main] INFO  org.springframework.boot.web.embedded.tomcat.TomcatWebServer - Tomcat started on port(s): 8080 (http) with context path ''
2022-08-26 20:23:55.848 [main] INFO  jsonEncryption.JsonPayloadEncryptDecryptApplication - Started JsonPayloadEncryptDecryptApplication in 1.371 seconds (JVM running for 2.043)
2022-08-26 20:28:24.401 [main] INFO  jsonEncryption.JsonPayloadEncryptDecryptApplication - Starting JsonPayloadEncryptDecryptApplication using Java 18.0.2.1 on Rasto-HomePC with PID 26796 (C:\Users\Rasťo\Desktop\spring_json_payload_encryption\target\classes started by Rasťo in C:\Users\Rasťo\Desktop\spring_json_payload_encryption)
2022-08-26 20:28:24.464 [main] INFO  jsonEncryption.JsonPayloadEncryptDecryptApplication - No active profile set, falling back to 1 default profile: "default"
2022-08-26 20:28:25.215 [main] INFO  org.springframework.boot.web.embedded.tomcat.TomcatWebServer - Tomcat initialized with port(s): 8080 (http)
2022-08-26 20:28:25.229 [main] INFO  org.apache.coyote.http11.Http11NioProtocol - Initializing ProtocolHandler ["http-nio-8080"]
2022-08-26 20:28:25.230 [main] INFO  org.apache.catalina.core.StandardService - Starting service [Tomcat]
2022-08-26 20:28:25.231 [main] INFO  org.apache.catalina.core.StandardEngine - Starting Servlet engine: [Apache Tomcat/9.0.65]
2022-08-26 20:28:25.299 [main] INFO  org.apache.catalina.core.ContainerBase.[Tomcat].[localhost].[/] - Initializing Spring embedded WebApplicationContext
2022-08-26 20:28:25.300 [main] INFO  org.springframework.boot.web.servlet.context.ServletWebServerApplicationContext - Root WebApplicationContext: initialization completed in 796 ms
2022-08-26 20:28:25.542 [main] INFO  org.apache.coyote.http11.Http11NioProtocol - Starting ProtocolHandler ["http-nio-8080"]
2022-08-26 20:28:25.562 [main] INFO  org.springframework.boot.web.embedded.tomcat.TomcatWebServer - Tomcat started on port(s): 8080 (http) with context path ''
2022-08-26 20:28:25.571 [main] INFO  jsonEncryption.JsonPayloadEncryptDecryptApplication - Started JsonPayloadEncryptDecryptApplication in 1.421 seconds (JVM running for 2.152)
2022-08-26 20:29:45.143 [main] INFO  jsonEncryption.JsonPayloadEncryptDecryptApplication - Starting JsonPayloadEncryptDecryptApplication using Java 18.0.2.1 on Rasto-HomePC with PID 15752 (C:\Users\Rasťo\Desktop\spring_json_payload_encryption\target\classes started by Rasťo in C:\Users\Rasťo\Desktop\spring_json_payload_encryption)
2022-08-26 20:29:45.199 [main] INFO  jsonEncryption.JsonPayloadEncryptDecryptApplication - No active profile set, falling back to 1 default profile: "default"
2022-08-26 20:29:45.874 [main] INFO  org.springframework.boot.web.embedded.tomcat.TomcatWebServer - Tomcat initialized with port(s): 8080 (http)
2022-08-26 20:29:45.889 [main] INFO  org.apache.coyote.http11.Http11NioProtocol - Initializing ProtocolHandler ["http-nio-8080"]
2022-08-26 20:29:45.890 [main] INFO  org.apache.catalina.core.StandardService - Starting service [Tomcat]
2022-08-26 20:29:45.890 [main] INFO  org.apache.catalina.core.StandardEngine - Starting Servlet engine: [Apache Tomcat/9.0.65]
2022-08-26 20:29:45.958 [main] INFO  org.apache.catalina.core.ContainerBase.[Tomcat].[localhost].[/] - Initializing Spring embedded WebApplicationContext
2022-08-26 20:29:45.959 [main] INFO  org.springframework.boot.web.servlet.context.ServletWebServerApplicationContext - Root WebApplicationContext: initialization completed in 726 ms
2022-08-26 20:29:46.169 [main] INFO  org.apache.coyote.http11.Http11NioProtocol - Starting ProtocolHandler ["http-nio-8080"]
2022-08-26 20:29:46.184 [main] INFO  org.springframework.boot.web.embedded.tomcat.TomcatWebServer - Tomcat started on port(s): 8080 (http) with context path ''
2022-08-26 20:29:46.191 [main] INFO  jsonEncryption.JsonPayloadEncryptDecryptApplication - Started JsonPayloadEncryptDecryptApplication in 1.296 seconds (JVM running for 1.981)
2022-08-26 20:31:40.297 [main] INFO  jsonEncryption.JsonPayloadEncryptDecryptApplication - Starting JsonPayloadEncryptDecryptApplication using Java 18.0.2.1 on Rasto-HomePC with PID 9012 (C:\Users\Rasťo\Desktop\spring_json_payload_encryption\target\classes started by Rasťo in C:\Users\Rasťo\Desktop\spring_json_payload_encryption)
2022-08-26 20:31:40.357 [main] INFO  jsonEncryption.JsonPayloadEncryptDecryptApplication - No active profile set, falling back to 1 default profile: "default"
2022-08-26 20:31:41.064 [main] INFO  org.springframework.boot.web.embedded.tomcat.TomcatWebServer - Tomcat initialized with port(s): 8080 (http)
2022-08-26 20:31:41.078 [main] INFO  org.apache.coyote.http11.Http11NioProtocol - Initializing ProtocolHandler ["http-nio-8080"]
2022-08-26 20:31:41.079 [main] INFO  org.apache.catalina.core.StandardService - Starting service [Tomcat]
2022-08-26 20:31:41.079 [main] INFO  org.apache.catalina.core.StandardEngine - Starting Servlet engine: [Apache Tomcat/9.0.65]
2022-08-26 20:31:41.146 [main] INFO  org.apache.catalina.core.ContainerBase.[Tomcat].[localhost].[/] - Initializing Spring embedded WebApplicationContext
2022-08-26 20:31:41.146 [main] INFO  org.springframework.boot.web.servlet.context.ServletWebServerApplicationContext - Root WebApplicationContext: initialization completed in 754 ms
2022-08-26 20:31:41.380 [main] INFO  org.apache.coyote.http11.Http11NioProtocol - Starting ProtocolHandler ["http-nio-8080"]
2022-08-26 20:31:41.396 [main] INFO  org.springframework.boot.web.embedded.tomcat.TomcatWebServer - Tomcat started on port(s): 8080 (http) with context path ''
2022-08-26 20:31:41.406 [main] INFO  jsonEncryption.JsonPayloadEncryptDecryptApplication - Started JsonPayloadEncryptDecryptApplication in 1.353 seconds (JVM running for 2.032)
